This file contains any messages produced by compilers while
running configure, to aid debugging if configure makes a mistake.

It was created by rx configure 0.01, which was
generated by GNU Autoconf 2.69.  Invocation command line was

  $ ./configure 

## --------- ##
## Platform. ##
## --------- ##

hostname = fire
uname -m = x86_64
uname -r = 5.4.0-70-generic
uname -s = Linux
uname -v = #78-Ubuntu SMP Fri Mar 19 13:29:52 UTC 2021

/usr/bin/uname -p = x86_64
/bin/uname -X     = unknown

/bin/arch              = x86_64
/usr/bin/arch -k       = unknown
/usr/convex/getsysinfo = unknown
/usr/bin/hostinfo      = unknown
/bin/machine           = unknown
/usr/bin/oslevel       = unknown
/bin/universe          = unknown

PATH: /usr/local/sbin
PATH: /usr/local/bin
PATH: /usr/sbin
PATH: /usr/bin
PATH: /sbin
PATH: /bin
PATH: /usr/games
PATH: /usr/local/games
PATH: /snap/bin


## ----------- ##
## Core tests. ##
## ----------- ##

configure:2474: checking for g++
configure:2490: found /usr/bin/g++
configure:2501: result: g++
configure:2528: checking for C++ compiler version
configure:2537: g++ --version >&5
g++ (Ubuntu 9.3.0-17ubuntu1~20.04) 9.3.0
Copyright (C) 2019 Free Software Foundation, Inc.
This is free software; see the source for copying conditions.  There is NO
warranty; not even for MERCHANTABILITY or FITNESS FOR A PARTICULAR PURPOSE.

configure:2548: $? = 0
configure:2537: g++ -v >&5
Using built-in specs.
COLLECT_GCC=g++
COLLECT_LTO_WRAPPER=/usr/lib/gcc/x86_64-linux-gnu/9/lto-wrapper
OFFLOAD_TARGET_NAMES=nvptx-none:hsa
OFFLOAD_TARGET_DEFAULT=1
Target: x86_64-linux-gnu
Configured with: ../src/configure -v --with-pkgversion='Ubuntu 9.3.0-17ubuntu1~20.04' --with-bugurl=file:///usr/share/doc/gcc-9/README.Bugs --enable-languages=c,ada,c++,go,brig,d,fortran,objc,obj-c++,gm2 --prefix=/usr --with-gcc-major-version-only --program-suffix=-9 --program-prefix=x86_64-linux-gnu- --enable-shared --enable-linker-build-id --libexecdir=/usr/lib --without-included-gettext --enable-threads=posix --libdir=/usr/lib --enable-nls --enable-clocale=gnu --enable-libstdcxx-debug --enable-libstdcxx-time=yes --with-default-libstdcxx-abi=new --enable-gnu-unique-object --disable-vtable-verify --enable-plugin --enable-default-pie --with-system-zlib --with-target-system-zlib=auto --enable-objc-gc=auto --enable-multiarch --disable-werror --with-arch-32=i686 --with-abi=m64 --with-multilib-list=m32,m64,mx32 --enable-multilib --with-tune=generic --enable-offload-targets=nvptx-none=/build/gcc-9-HskZEa/gcc-9-9.3.0/debian/tmp-nvptx/usr,hsa --without-cuda-driver --enable-checking=release --build=x86_64-linux-gnu --host=x86_64-linux-gnu --target=x86_64-linux-gnu
Thread model: posix
gcc version 9.3.0 (Ubuntu 9.3.0-17ubuntu1~20.04) 
configure:2548: $? = 0
configure:2537: g++ -V >&5
g++: error: unrecognized command line option '-V'
g++: fatal error: no input files
compilation terminated.
configure:2548: $? = 1
configure:2537: g++ -qversion >&5
g++: error: unrecognized command line option '-qversion'; did you mean '--version'?
g++: fatal error: no input files
compilation terminated.
configure:2548: $? = 1
configure:2568: checking whether the C++ compiler works
configure:2590: g++    conftest.cpp  >&5
configure:2594: $? = 0
configure:2642: result: yes
configure:2645: checking for C++ compiler default output file name
configure:2647: result: a.out
configure:2653: checking for suffix of executables
configure:2660: g++ -o conftest    conftest.cpp  >&5
configure:2664: $? = 0
configure:2686: result: 
configure:2708: checking whether we are cross compiling
configure:2716: g++ -o conftest    conftest.cpp  >&5
configure:2720: $? = 0
configure:2727: ./conftest
configure:2731: $? = 0
configure:2719: result: no
configure:2724: checking for suffix of object files
configure:2746: g++ -c   conftest.cpp >&5
configure:2750: $? = 0
configure:2771: result: o
configure:2775: checking whether we are using the GNU C++ compiler
configure:2794: g++ -c   conftest.cpp >&5
configure:2794: $? = 0
configure:2803: result: yes
configure:2812: checking whether g++ accepts -g
configure:2832: g++ -c -g  conftest.cpp >&5
configure:2832: $? = 0
configure:2873: result: yes
configure:2900: checking for gawk
configure:2930: result: no
configure:2900: checking for mawk
configure:2916: found /usr/bin/mawk
configure:2927: result: mawk
configure:2986: checking for gcc
configure:3002: found /usr/bin/gcc
configure:3013: result: gcc
configure:3242: checking for C compiler version
configure:3251: gcc --version >&5
gcc (Ubuntu 9.3.0-17ubuntu1~20.04) 9.3.0
Copyright (C) 2019 Free Software Foundation, Inc.
This is free software; see the source for copying conditions.  There is NO
warranty; not even for MERCHANTABILITY or FITNESS FOR A PARTICULAR PURPOSE.

configure:3262: $? = 0
configure:3251: gcc -v >&5
Using built-in specs.
COLLECT_GCC=gcc
COLLECT_LTO_WRAPPER=/usr/lib/gcc/x86_64-linux-gnu/9/lto-wrapper
OFFLOAD_TARGET_NAMES=nvptx-none:hsa
OFFLOAD_TARGET_DEFAULT=1
Target: x86_64-linux-gnu
Configured with: ../src/configure -v --with-pkgversion='Ubuntu 9.3.0-17ubuntu1~20.04' --with-bugurl=file:///usr/share/doc/gcc-9/README.Bugs --enable-languages=c,ada,c++,go,brig,d,fortran,objc,obj-c++,gm2 --prefix=/usr --with-gcc-major-version-only --program-suffix=-9 --program-prefix=x86_64-linux-gnu- --enable-shared --enable-linker-build-id --libexecdir=/usr/lib --without-included-gettext --enable-threads=posix --libdir=/usr/lib --enable-nls --enable-clocale=gnu --enable-libstdcxx-debug --enable-libstdcxx-time=yes --with-default-libstdcxx-abi=new --enable-gnu-unique-object --disable-vtable-verify --enable-plugin --enable-default-pie --with-system-zlib --with-target-system-zlib=auto --enable-objc-gc=auto --enable-multiarch --disable-werror --with-arch-32=i686 --with-abi=m64 --with-multilib-list=m32,m64,mx32 --enable-multilib --with-tune=generic --enable-offload-targets=nvptx-none=/build/gcc-9-HskZEa/gcc-9-9.3.0/debian/tmp-nvptx/usr,hsa --without-cuda-driver --enable-checking=release --build=x86_64-linux-gnu --host=x86_64-linux-gnu --target=x86_64-linux-gnu
Thread model: posix
gcc version 9.3.0 (Ubuntu 9.3.0-17ubuntu1~20.04) 
configure:3262: $? = 0
configure:3251: gcc -V >&5
gcc: error: unrecognized command line option '-V'
gcc: fatal error: no input files
compilation terminated.
configure:3262: $? = 1
configure:3251: gcc -qversion >&5
gcc: error: unrecognized command line option '-qversion'; did you mean '--version'?
gcc: fatal error: no input files
compilation terminated.
configure:3262: $? = 1
configure:3266: checking whether we are using the GNU C compiler
configure:3285: gcc -c   conftest.c >&5
configure:3285: $? = 0
configure:3294: result: yes
configure:3303: checking whether gcc accepts -g
configure:3323: gcc -c -g  conftest.c >&5
configure:3323: $? = 0
configure:3364: result: yes
configure:3381: checking for gcc option to accept ISO C89
configure:3444: gcc  -c -g -O2  conftest.c >&5
configure:3444: $? = 0
configure:3457: result: none needed
configure:3514: checking whether gcc understands -c and -o together
configure:3536: gcc -c conftest.c -o conftest2.o
configure:3539: $? = 0
configure:3536: gcc -c conftest.c -o conftest2.o
configure:3539: $? = 0
configure:3551: result: yes
configure:3573: checking how to run the C preprocessor
configure:3604: gcc -E  conftest.c
configure:3604: $? = 0
configure:3618: gcc -E  conftest.c
conftest.c:9:10: fatal error: ac_nonexistent.h: No such file or directory
    9 | #include <ac_nonexistent.h>
      |          ^~~~~~~~~~~~~~~~~~
compilation terminated.
configure:3618: $? = 1
configure: failed program was:
| /* confdefs.h */
| #define PACKAGE_NAME "rx"
| #define PACKAGE_TARNAME "rx"
| #define PACKAGE_VERSION "0.01"
| #define PACKAGE_STRING "rx 0.01"
| #define PACKAGE_BUGREPORT "brian8181@gmail.com"
| #define PACKAGE_URL "https://github.com/brian8181"
| /* end confdefs.h.  */
| #include <ac_nonexistent.h>
configure:3643: result: gcc -E
configure:3663: gcc -E  conftest.c
configure:3663: $? = 0
configure:3677: gcc -E  conftest.c
conftest.c:9:10: fatal error: ac_nonexistent.h: No such file or directory
    9 | #include <ac_nonexistent.h>
      |          ^~~~~~~~~~~~~~~~~~
compilation terminated.
configure:3677: $? = 1
configure: failed program was:
| /* confdefs.h */
| #define PACKAGE_NAME "rx"
| #define PACKAGE_TARNAME "rx"
| #define PACKAGE_VERSION "0.01"
| #define PACKAGE_STRING "rx 0.01"
| #define PACKAGE_BUGREPORT "brian8181@gmail.com"
| #define PACKAGE_URL "https://github.com/brian8181"
| /* end confdefs.h.  */
| #include <ac_nonexistent.h>
configure:3719: checking for a BSD-compatible install
configure:3787: result: /usr/bin/install -c
configure:3798: checking whether ln -s works
configure:3802: result: yes
configure:3809: checking whether make sets $(MAKE)
configure:3831: result: yes
configure:3883: checking for ranlib
configure:3899: found /usr/bin/ranlib
configure:3910: result: ranlib
configure:3964: checking build system type
configure:3978: result: x86_64-pc-linux-gnu
configure:3998: checking host system type
configure:4011: result: x86_64-pc-linux-gnu
configure:4052: checking how to print strings
configure:4079: result: printf
configure:4100: checking for a sed that does not truncate output
configure:4164: result: /usr/bin/sed
configure:4182: checking for grep that handles long lines and -e
configure:4240: result: /usr/bin/grep
configure:4245: checking for egrep
configure:4307: result: /usr/bin/grep -E
configure:4312: checking for fgrep
configure:4374: result: /usr/bin/grep -F
configure:4409: checking for ld used by gcc
configure:4476: result: /usr/bin/ld
configure:4483: checking if the linker (/usr/bin/ld) is GNU ld
configure:4498: result: yes
configure:4510: checking for BSD- or MS-compatible name lister (nm)
configure:4564: result: /usr/bin/nm -B
configure:4694: checking the name lister (/usr/bin/nm -B) interface
configure:4701: gcc -c -g -O2  conftest.c >&5
configure:4704: /usr/bin/nm -B "conftest.o"
configure:4707: output
0000000000000000 B some_variable
configure:4708: result: BSD nm
configure:4712: checking the maximum length of command line arguments
configure:4843: result: 1572864
configure:4891: checking how to convert x86_64-pc-linux-gnu file names to x86_64-pc-linux-gnu format
configure:4931: result: func_convert_file_noop
configure:4938: checking how to convert x86_64-pc-linux-gnu file names to toolchain format
configure:4958: result: func_convert_file_noop
configure:4965: checking for /usr/bin/ld option to reload object files
configure:4972: result: -r
configure:5046: checking for objdump
configure:5062: found /usr/bin/objdump
configure:5073: result: objdump
configure:5105: checking how to recognize dependent libraries
configure:5305: result: pass_all
configure:5390: checking for dlltool
configure:5420: result: no
configure:5450: checking how to associate runtime and link libraries
configure:5477: result: printf %s\n
configure:5538: checking for ar
configure:5554: found /usr/bin/ar
configure:5565: result: ar
configure:5602: checking for archiver @FILE support
configure:5619: gcc -c -g -O2  conftest.c >&5
configure:5619: $? = 0
configure:5622: ar cr libconftest.a @conftest.lst >&5
configure:5625: $? = 0
configure:5630: ar cr libconftest.a @conftest.lst >&5
ar: conftest.o: No such file or directory
configure:5633: $? = 1
configure:5632: result: @
configure:5690: checking for strip
configure:5706: found /usr/bin/strip
configure:5717: result: strip
configure:5789: checking for ranlib
configure:5816: result: ranlib
configure:5918: checking command to parse /usr/bin/nm -B output from gcc object
configure:6071: gcc -c -g -O2  conftest.c >&5
configure:6074: $? = 0
configure:6078: /usr/bin/nm -B conftest.o | sed -n -e 's/^.*[	 ]\([ABCDGIRSTW][ABCDGIRSTW]*\)[	 ][	 ]*\([_A-Za-z][_A-Za-z0-9]*\)$/\1 \2 \2/p' | sed '/ __gnu_lto/d' > conftest.nm
configure:6144: gcc -o conftest -g -O2   conftest.c conftstm.o >&5
configure:6147: $? = 0
configure:6185: result: ok
configure:6232: checking for sysroot
configure:6262: result: no
configure:6269: checking for a working dd
configure:6307: result: /usr/bin/dd
configure:6311: checking how to truncate binary pipes
configure:6326: result: /usr/bin/dd bs=4096 count=1
configure:6462: gcc -c -g -O2  conftest.c >&5
configure:6465: $? = 0
configure:6655: checking for mt
configure:6671: found /usr/bin/mt
configure:6682: result: mt
configure:6705: checking if mt is a manifest tool
configure:6711: mt '-?'
configure:6719: result: no
configure:7392: checking for ANSI C header files
configure:7412: gcc -c -g -O2  conftest.c >&5
configure:7412: $? = 0
configure:7485: gcc -o conftest -g -O2   conftest.c  >&5
configure:7485: $? = 0
configure:7485: ./conftest
configure:7485: $? = 0
configure:7496: result: yes
configure:7509: checking for sys/types.h
configure:7509: gcc -c -g -O2  conftest.c >&5
configure:7509: $? = 0
configure:7509: result: yes
configure:7509: checking for sys/stat.h
configure:7509: gcc -c -g -O2  conftest.c >&5
configure:7509: $? = 0
configure:7509: result: yes
configure:7509: checking for stdlib.h
configure:7509: gcc -c -g -O2  conftest.c >&5
configure:7509: $? = 0
configure:7509: result: yes
configure:7509: checking for string.h
configure:7509: gcc -c -g -O2  conftest.c >&5
configure:7509: $? = 0
configure:7509: result: yes
configure:7509: checking for memory.h
configure:7509: gcc -c -g -O2  conftest.c >&5
configure:7509: $? = 0
configure:7509: result: yes
configure:7509: checking for strings.h
configure:7509: gcc -c -g -O2  conftest.c >&5
configure:7509: $? = 0
configure:7509: result: yes
configure:7509: checking for inttypes.h
configure:7509: gcc -c -g -O2  conftest.c >&5
configure:7509: $? = 0
configure:7509: result: yes
configure:7509: checking for stdint.h
configure:7509: gcc -c -g -O2  conftest.c >&5
configure:7509: $? = 0
configure:7509: result: yes
configure:7509: checking for unistd.h
configure:7509: gcc -c -g -O2  conftest.c >&5
configure:7509: $? = 0
configure:7509: result: yes
configure:7523: checking for dlfcn.h
configure:7523: gcc -c -g -O2  conftest.c >&5
configure:7523: $? = 0
configure:7523: result: yes
configure:7790: checking for objdir
configure:7805: result: .libs
configure:8065: checking if gcc supports -fno-rtti -fno-exceptions
configure:8083: gcc -c -g -O2  -fno-rtti -fno-exceptions conftest.c >&5
cc1: warning: command line option '-fno-rtti' is valid for C++/D/ObjC++ but not for C
configure:8087: $? = 0
configure:8100: result: no
configure:8464: checking for gcc option to produce PIC
configure:8471: result: -fPIC -DPIC
configure:8479: checking if gcc PIC flag -fPIC -DPIC works
configure:8497: gcc -c -g -O2  -fPIC -DPIC -DPIC conftest.c >&5
configure:8501: $? = 0
configure:8514: result: yes
configure:8543: checking if gcc static flag -static works
configure:8571: result: yes
configure:8586: checking if gcc supports -c -o file.o
configure:8607: gcc -c -g -O2  -o out/conftest2.o conftest.c >&5
configure:8611: $? = 0
configure:8633: result: yes
configure:8641: checking if gcc supports -c -o file.o
configure:8688: result: yes
configure:8721: checking whether the gcc linker (/usr/bin/ld -m elf_x86_64) supports shared libraries
configure:9984: result: yes
configure:10021: checking whether -lc should be explicitly linked in
configure:10029: gcc -c -g -O2  conftest.c >&5
configure:10032: $? = 0
configure:10047: gcc -shared  -fPIC -DPIC conftest.o  -v -Wl,-soname -Wl,conftest -o conftest 2\>\&1 \| /usr/bin/grep  -lc  \>/dev/null 2\>\&1
configure:10050: $? = 0
configure:10064: result: no
configure:10224: checking dynamic linker characteristics
configure:10805: gcc -o conftest -g -O2   -Wl,-rpath -Wl,/foo conftest.c  >&5
configure:10805: $? = 0
configure:11054: result: GNU/Linux ld.so
configure:11176: checking how to hardcode library paths into programs
configure:11201: result: immediate
configure:11749: checking whether stripping libraries is possible
configure:11754: result: yes
configure:11789: checking if libtool supports shared libraries
configure:11791: result: yes
configure:11794: checking whether to build shared libraries
configure:11819: result: yes
configure:11822: checking whether to build static libraries
configure:11826: result: yes
configure:8625: checking how to run the C++ preprocessor
configure:8652: g++ -E  conftest.cpp
configure:8652: $? = 0
configure:8666: g++ -E  conftest.cpp
conftest.cpp:21:10: fatal error: ac_nonexistent.h: No such file or directory
   21 | #include <ac_nonexistent.h>
      |          ^~~~~~~~~~~~~~~~~~
compilation terminated.
configure:8666: $? = 1
configure: failed program was:
| /* confdefs.h */
| #define PACKAGE_NAME "rx"
| #define PACKAGE_TARNAME "rx"
| #define PACKAGE_VERSION "0.01"
| #define PACKAGE_STRING "rx 0.01"
| #define PACKAGE_BUGREPORT "brian8181@gmail.com"
| #define PACKAGE_URL "https://github.com/brian8181"
| #define STDC_HEADERS 1
| #define HAVE_SYS_TYPES_H 1
| #define HAVE_SYS_STAT_H 1
| #define HAVE_STDLIB_H 1
| #define HAVE_STRING_H 1
| #define HAVE_MEMORY_H 1
| #define HAVE_STRINGS_H 1
| #define HAVE_INTTYPES_H 1
| #define HAVE_STDINT_H 1
| #define HAVE_UNISTD_H 1
| #define HAVE_DLFCN_H 1
| #define LT_OBJDIR ".libs/"
| /* end confdefs.h.  */
| #include <ac_nonexistent.h>
configure:8691: result: g++ -E
configure:8711: g++ -E  conftest.cpp
configure:8711: $? = 0
configure:8725: g++ -E  conftest.cpp
conftest.cpp:21:10: fatal error: ac_nonexistent.h: No such file or directory
   21 | #include <ac_nonexistent.h>
      |          ^~~~~~~~~~~~~~~~~~
compilation terminated.
configure:8725: $? = 1
configure: failed program was:
| /* confdefs.h */
| #define PACKAGE_NAME "rx"
| #define PACKAGE_TARNAME "rx"
| #define PACKAGE_VERSION "0.01"
| #define PACKAGE_STRING "rx 0.01"
| #define PACKAGE_BUGREPORT "brian8181@gmail.com"
| #define PACKAGE_URL "https://github.com/brian8181"
| #define STDC_HEADERS 1
| #define HAVE_SYS_TYPES_H 1
| #define HAVE_SYS_STAT_H 1
| #define HAVE_STDLIB_H 1
| #define HAVE_STRING_H 1
| #define HAVE_MEMORY_H 1
| #define HAVE_STRINGS_H 1
| #define HAVE_INTTYPES_H 1
| #define HAVE_STDINT_H 1
| #define HAVE_UNISTD_H 1
| #define HAVE_DLFCN_H 1
| #define LT_OBJDIR ".libs/"
| /* end confdefs.h.  */
| #include <ac_nonexistent.h>
configure:8887: checking for ld used by g++
configure:8954: result: /usr/bin/ld -m elf_x86_64
configure:8961: checking if the linker (/usr/bin/ld -m elf_x86_64) is GNU ld
configure:8976: result: yes
configure:9031: checking whether the g++ linker (/usr/bin/ld -m elf_x86_64) supports shared libraries
configure:10104: result: yes
configure:10140: g++ -c -g -O2  conftest.cpp >&5
configure:10143: $? = 0
configure:10624: checking for g++ option to produce PIC
configure:10631: result: -fPIC -DPIC
configure:10639: checking if g++ PIC flag -fPIC -DPIC works
configure:10657: g++ -c -g -O2  -fPIC -DPIC -DPIC conftest.cpp >&5
configure:10661: $? = 0
configure:10674: result: yes
configure:10697: checking if g++ static flag -static works
configure:10725: result: yes
configure:10737: checking if g++ supports -c -o file.o
configure:10758: g++ -c -g -O2  -o out/conftest2.o conftest.cpp >&5
configure:10762: $? = 0
configure:10784: result: yes
configure:10789: checking if g++ supports -c -o file.o
configure:10836: result: yes
configure:10866: checking whether the g++ linker (/usr/bin/ld -m elf_x86_64) supports shared libraries
configure:10909: result: yes
configure:11050: checking dynamic linker characteristics
configure:11807: result: GNU/Linux ld.so
configure:11872: checking how to hardcode library paths into programs
configure:11897: result: immediate
configure:10792: checking for main in -lCPPUNIT_TEST
configure:10811: gcc -o conftest -g -O2   conftest.c -lCPPUNIT_TEST   >&5
/usr/bin/ld: cannot find -lCPPUNIT_TEST
collect2: error: ld returned 1 exit status
configure:10811: $? = 1
configure: failed program was:
| /* confdefs.h */
| #define PACKAGE_NAME "rx"
| #define PACKAGE_TARNAME "rx"
| #define PACKAGE_VERSION "0.01"
| #define PACKAGE_STRING "rx 0.01"
| #define PACKAGE_BUGREPORT "brian8181@gmail.com"
| #define PACKAGE_URL "https://github.com/brian8181"
| #define STDC_HEADERS 1
| #define HAVE_SYS_TYPES_H 1
| #define HAVE_SYS_STAT_H 1
| #define HAVE_STDLIB_H 1
| #define HAVE_STRING_H 1
| #define HAVE_MEMORY_H 1
| #define HAVE_STRINGS_H 1
| #define HAVE_INTTYPES_H 1
| #define HAVE_STDINT_H 1
| #define HAVE_UNISTD_H 1
| #define HAVE_DLFCN_H 1
| #define LT_OBJDIR ".libs/"
| /* end confdefs.h.  */
| 
| 
| int
| main ()
| {
| return main ();
|   ;
|   return 0;
| }
configure:10820: result: no
configure:10836: checking netinet/in.h usability
configure:10836: gcc -c -g -O2  conftest.c >&5
configure:10836: $? = 0
configure:10836: result: yes
configure:10836: checking netinet/in.h presence
configure:10836: gcc -E  conftest.c
configure:10836: $? = 0
configure:10836: result: yes
configure:10836: checking for netinet/in.h
configure:10836: result: yes
configure:10836: checking termios.h usability
configure:10836: gcc -c -g -O2  conftest.c >&5
configure:10836: $? = 0
configure:10836: result: yes
configure:10836: checking termios.h presence
configure:10836: gcc -E  conftest.c
configure:10836: $? = 0
configure:10836: result: yes
configure:10836: checking for termios.h
configure:10836: result: yes
configure:10836: checking for unistd.h
configure:10836: result: yes
configure:10848: checking for stdbool.h that conforms to C99
configure:10915: gcc -c -g -O2  conftest.c >&5
configure:10915: $? = 0
configure:10922: result: yes
configure:10924: checking for _Bool
configure:10924: gcc -c -g -O2  conftest.c >&5
configure:10924: $? = 0
configure:10924: gcc -c -g -O2  conftest.c >&5
conftest.c: In function 'main':
conftest.c:60:20: error: expected expression before ')' token
   60 | if (sizeof ((_Bool)))
      |                    ^
configure:10924: $? = 1
configure: failed program was:
| /* confdefs.h */
| #define PACKAGE_NAME "rx"
| #define PACKAGE_TARNAME "rx"
| #define PACKAGE_VERSION "0.01"
| #define PACKAGE_STRING "rx 0.01"
| #define PACKAGE_BUGREPORT "brian8181@gmail.com"
| #define PACKAGE_URL "https://github.com/brian8181"
| #define STDC_HEADERS 1
| #define HAVE_SYS_TYPES_H 1
| #define HAVE_SYS_STAT_H 1
| #define HAVE_STDLIB_H 1
| #define HAVE_STRING_H 1
| #define HAVE_MEMORY_H 1
| #define HAVE_STRINGS_H 1
| #define HAVE_INTTYPES_H 1
| #define HAVE_STDINT_H 1
| #define HAVE_UNISTD_H 1
| #define HAVE_DLFCN_H 1
| #define LT_OBJDIR ".libs/"
| #define HAVE_NETINET_IN_H 1
| #define HAVE_TERMIOS_H 1
| #define HAVE_UNISTD_H 1
| /* end confdefs.h.  */
| #include <stdio.h>
| #ifdef HAVE_SYS_TYPES_H
| # include <sys/types.h>
| #endif
| #ifdef HAVE_SYS_STAT_H
| # include <sys/stat.h>
| #endif
| #ifdef STDC_HEADERS
| # include <stdlib.h>
| # include <stddef.h>
| #else
| # ifdef HAVE_STDLIB_H
| #  include <stdlib.h>
| # endif
| #endif
| #ifdef HAVE_STRING_H
| # if !defined STDC_HEADERS && defined HAVE_MEMORY_H
| #  include <memory.h>
| # endif
| # include <string.h>
| #endif
| #ifdef HAVE_STRINGS_H
| # include <strings.h>
| #endif
| #ifdef HAVE_INTTYPES_H
| # include <inttypes.h>
| #endif
| #ifdef HAVE_STDINT_H
| # include <stdint.h>
| #endif
| #ifdef HAVE_UNISTD_H
| # include <unistd.h>
| #endif
| int
| main ()
| {
| if (sizeof ((_Bool)))
| 	    return 0;
|   ;
|   return 0;
| }
configure:10924: result: yes
configure:10935: checking for size_t
configure:10935: gcc -c -g -O2  conftest.c >&5
configure:10935: $? = 0
configure:10935: gcc -c -g -O2  conftest.c >&5
conftest.c: In function 'main':
conftest.c:61:21: error: expected expression before ')' token
   61 | if (sizeof ((size_t)))
      |                     ^
configure:10935: $? = 1
configure: failed program was:
| /* confdefs.h */
| #define PACKAGE_NAME "rx"
| #define PACKAGE_TARNAME "rx"
| #define PACKAGE_VERSION "0.01"
| #define PACKAGE_STRING "rx 0.01"
| #define PACKAGE_BUGREPORT "brian8181@gmail.com"
| #define PACKAGE_URL "https://github.com/brian8181"
| #define STDC_HEADERS 1
| #define HAVE_SYS_TYPES_H 1
| #define HAVE_SYS_STAT_H 1
| #define HAVE_STDLIB_H 1
| #define HAVE_STRING_H 1
| #define HAVE_MEMORY_H 1
| #define HAVE_STRINGS_H 1
| #define HAVE_INTTYPES_H 1
| #define HAVE_STDINT_H 1
| #define HAVE_UNISTD_H 1
| #define HAVE_DLFCN_H 1
| #define LT_OBJDIR ".libs/"
| #define HAVE_NETINET_IN_H 1
| #define HAVE_TERMIOS_H 1
| #define HAVE_UNISTD_H 1
| #define HAVE__BOOL 1
| /* end confdefs.h.  */
| #include <stdio.h>
| #ifdef HAVE_SYS_TYPES_H
| # include <sys/types.h>
| #endif
| #ifdef HAVE_SYS_STAT_H
| # include <sys/stat.h>
| #endif
| #ifdef STDC_HEADERS
| # include <stdlib.h>
| # include <stddef.h>
| #else
| # ifdef HAVE_STDLIB_H
| #  include <stdlib.h>
| # endif
| #endif
| #ifdef HAVE_STRING_H
| # if !defined STDC_HEADERS && defined HAVE_MEMORY_H
| #  include <memory.h>
| # endif
| # include <string.h>
| #endif
| #ifdef HAVE_STRINGS_H
| # include <strings.h>
| #endif
| #ifdef HAVE_INTTYPES_H
| # include <inttypes.h>
| #endif
| #ifdef HAVE_STDINT_H
| # include <stdint.h>
| #endif
| #ifdef HAVE_UNISTD_H
| # include <unistd.h>
| #endif
| int
| main ()
| {
| if (sizeof ((size_t)))
| 	    return 0;
|   ;
|   return 0;
| }
configure:10935: result: yes
configure:10950: checking whether build environment is sane
configure:11005: result: yes
configure:11151: checking for a thread-safe mkdir -p
configure:11190: result: /usr/bin/mkdir -p
configure:11206: checking whether make supports the include directive
configure:11221: make -f confmf.GNU && cat confinc.out
this is the am__doit target
configure:11224: $? = 0
configure:11243: result: yes (GNU style)
configure:11276: checking whether make supports nested variables
configure:11293: result: yes
configure:11378: checking dependency style of gcc
configure:11489: result: gcc3
configure:11506: checking dependency style of g++
configure:11617: result: gcc3
configure:11780: checking that generated files are newer than configure
configure:11786: result: done
configure:11813: creating ./config.status

## ---------------------- ##
## Running config.status. ##
## ---------------------- ##

This file was extended by rx config.status 0.01, which was
generated by GNU Autoconf 2.69.  Invocation command line was

  CONFIG_FILES    = 
  CONFIG_HEADERS  = 
  CONFIG_LINKS    = 
  CONFIG_COMMANDS = 
  $ ./config.status 

on fire

config.status:1149: creating Makefile
config.status:1149: creating src/Makefile
config.status:1149: creating config.h
config.status:1330: config.h is unchanged
config.status:1378: executing libtool commands
config.status:1378: executing depfiles commands
config.status:2164: cd src       && sed -e '/# am--include-marker/d' Makefile         | make -f - am--depfiles
make: Nothing to be done for 'am--depfiles'.
config.status:2169: $? = 0

## ---------------- ##
## Cache variables. ##
## ---------------- ##

ac_cv_build=x86_64-pc-linux-gnu
ac_cv_c_compiler_gnu=yes
ac_cv_cxx_compiler_gnu=yes
ac_cv_env_CCC_set=
ac_cv_env_CCC_value=
ac_cv_env_CC_set=
ac_cv_env_CC_value=
ac_cv_env_CFLAGS_set=
ac_cv_env_CFLAGS_value=
ac_cv_env_CPPFLAGS_set=
ac_cv_env_CPPFLAGS_value=
ac_cv_env_CPP_set=
ac_cv_env_CPP_value=
ac_cv_env_CXXCPP_set=
ac_cv_env_CXXCPP_value=
ac_cv_env_CXXFLAGS_set=
ac_cv_env_CXXFLAGS_value=
ac_cv_env_CXX_set=
ac_cv_env_CXX_value=
ac_cv_env_LDFLAGS_set=
ac_cv_env_LDFLAGS_value=
ac_cv_env_LIBS_set=
ac_cv_env_LIBS_value=
ac_cv_env_LT_SYS_LIBRARY_PATH_set=
ac_cv_env_LT_SYS_LIBRARY_PATH_value=
ac_cv_env_build_alias_set=
ac_cv_env_build_alias_value=
ac_cv_env_host_alias_set=
ac_cv_env_host_alias_value=
ac_cv_env_target_alias_set=
ac_cv_env_target_alias_value=
ac_cv_header_dlfcn_h=yes
ac_cv_header_inttypes_h=yes
ac_cv_header_memory_h=yes
ac_cv_header_netinet_in_h=yes
ac_cv_header_stdbool_h=yes
ac_cv_header_stdc=yes
ac_cv_header_stdint_h=yes
ac_cv_header_stdlib_h=yes
ac_cv_header_string_h=yes
ac_cv_header_strings_h=yes
ac_cv_header_sys_stat_h=yes
ac_cv_header_sys_types_h=yes
ac_cv_header_termios_h=yes
ac_cv_header_unistd_h=yes
ac_cv_host=x86_64-pc-linux-gnu
ac_cv_lib_CPPUNIT_TEST_main=no
ac_cv_objext=o
ac_cv_path_EGREP='/usr/bin/grep -E'
ac_cv_path_FGREP='/usr/bin/grep -F'
ac_cv_path_GREP=/usr/bin/grep
ac_cv_path_SED=/usr/bin/sed
ac_cv_path_install='/usr/bin/install -c'
ac_cv_path_lt_DD=/usr/bin/dd
ac_cv_path_mkdir=/usr/bin/mkdir
ac_cv_prog_AWK=mawk
ac_cv_prog_CPP='gcc -E'
ac_cv_prog_CXXCPP='g++ -E'
ac_cv_prog_ac_ct_AR=ar
ac_cv_prog_ac_ct_CC=gcc
ac_cv_prog_ac_ct_CXX=g++
ac_cv_prog_ac_ct_MANIFEST_TOOL=mt
ac_cv_prog_ac_ct_OBJDUMP=objdump
ac_cv_prog_ac_ct_RANLIB=ranlib
ac_cv_prog_ac_ct_STRIP=strip
ac_cv_prog_cc_c89=
ac_cv_prog_cc_g=yes
ac_cv_prog_cxx_g=yes
ac_cv_prog_make_make_set=yes
ac_cv_type__Bool=yes
ac_cv_type_size_t=yes
am_cv_CC_dependencies_compiler_type=gcc3
am_cv_CXX_dependencies_compiler_type=gcc3
am_cv_make_support_nested_variables=yes
am_cv_prog_cc_c_o=yes
lt_cv_ar_at_file=@
lt_cv_archive_cmds_need_lc=no
lt_cv_deplibs_check_method=pass_all
lt_cv_file_magic_cmd='$MAGIC_CMD'
lt_cv_file_magic_test_file=
lt_cv_ld_reload_flag=-r
lt_cv_nm_interface='BSD nm'
lt_cv_objdir=.libs
lt_cv_path_LD=/usr/bin/ld
lt_cv_path_LDCXX='/usr/bin/ld -m elf_x86_64'
lt_cv_path_NM='/usr/bin/nm -B'
lt_cv_path_mainfest_tool=no
lt_cv_prog_compiler_c_o=yes
lt_cv_prog_compiler_c_o_CXX=yes
lt_cv_prog_compiler_pic='-fPIC -DPIC'
lt_cv_prog_compiler_pic_CXX='-fPIC -DPIC'
lt_cv_prog_compiler_pic_works=yes
lt_cv_prog_compiler_pic_works_CXX=yes
lt_cv_prog_compiler_rtti_exceptions=no
lt_cv_prog_compiler_static_works=yes
lt_cv_prog_compiler_static_works_CXX=yes
lt_cv_prog_gnu_ld=yes
lt_cv_prog_gnu_ldcxx=yes
lt_cv_sharedlib_from_linklib_cmd='printf %s\n'
lt_cv_shlibpath_overrides_runpath=yes
lt_cv_sys_global_symbol_pipe='sed -n -e '\''s/^.*[	 ]\([ABCDGIRSTW][ABCDGIRSTW]*\)[	 ][	 ]*\([_A-Za-z][_A-Za-z0-9]*\)$/\1 \2 \2/p'\'' | sed '\''/ __gnu_lto/d'\'''
lt_cv_sys_global_symbol_to_c_name_address='sed -n -e '\''s/^: \(.*\) .*$/  {"\1", (void *) 0},/p'\'' -e '\''s/^[ABCDGIRSTW][ABCDGIRSTW]* .* \(.*\)$/  {"\1", (void *) \&\1},/p'\'''
lt_cv_sys_global_symbol_to_c_name_address_lib_prefix='sed -n -e '\''s/^: \(.*\) .*$/  {"\1", (void *) 0},/p'\'' -e '\''s/^[ABCDGIRSTW][ABCDGIRSTW]* .* \(lib.*\)$/  {"\1", (void *) \&\1},/p'\'' -e '\''s/^[ABCDGIRSTW][ABCDGIRSTW]* .* \(.*\)$/  {"lib\1", (void *) \&\1},/p'\'''
lt_cv_sys_global_symbol_to_cdecl='sed -n -e '\''s/^T .* \(.*\)$/extern int \1();/p'\'' -e '\''s/^[ABCDGIRSTW][ABCDGIRSTW]* .* \(.*\)$/extern char \1;/p'\'''
lt_cv_sys_global_symbol_to_import=
lt_cv_sys_max_cmd_len=1572864
lt_cv_to_host_file_cmd=func_convert_file_noop
lt_cv_to_tool_file_cmd=func_convert_file_noop
lt_cv_truncate_bin='/usr/bin/dd bs=4096 count=1'

## ----------------- ##
## Output variables. ##
## ----------------- ##

ACLOCAL='${SHELL} /home/brian/src/rx/missing aclocal-1.16'
AMDEPBACKSLASH='\'
AMDEP_FALSE='#'
AMDEP_TRUE=''
AMTAR='$${TAR-tar}'
AM_BACKSLASH='\'
AM_DEFAULT_V='$(AM_DEFAULT_VERBOSITY)'
AM_DEFAULT_VERBOSITY='1'
AM_V='$(V)'
AR='ar'
AUTOCONF='${SHELL} /home/brian/src/rx/missing autoconf'
AUTOHEADER='${SHELL} /home/brian/src/rx/missing autoheader'
AUTOMAKE='${SHELL} /home/brian/src/rx/missing automake-1.16'
AWK='mawk'
CC='gcc'
CCDEPMODE='depmode=gcc3'
CFLAGS='-g -O2'
CPP='gcc -E'
CPPFLAGS=''
CXX='g++'
CXXCPP='g++ -E'
CXXDEPMODE='depmode=gcc3'
CXXFLAGS='-g -O2'
CYGPATH_W='echo'
DEFS='-DHAVE_CONFIG_H'
DEPDIR='.deps'
DLLTOOL='false'
DSYMUTIL=''
DUMPBIN=''
ECHO_C=''
ECHO_N='-n'
ECHO_T=''
EGREP='/usr/bin/grep -E'
EXEEXT=''
FGREP='/usr/bin/grep -F'
GREP='/usr/bin/grep'
INSTALL_DATA='${INSTALL} -m 644'
INSTALL_PROGRAM='${INSTALL}'
INSTALL_SCRIPT='${INSTALL}'
INSTALL_STRIP_PROGRAM='$(install_sh) -c -s'
LD='/usr/bin/ld -m elf_x86_64'
LDFLAGS=''
LIBOBJS=''
LIBS=''
LIBTOOL='$(SHELL) $(top_builddir)/libtool'
LIPO=''
LN_S='ln -s'
LTLIBOBJS=''
LT_SYS_LIBRARY_PATH=''
MAKEINFO='${SHELL} /home/brian/src/rx/missing makeinfo'
MANIFEST_TOOL=':'
MKDIR_P='/usr/bin/mkdir -p'
NM='/usr/bin/nm -B'
NMEDIT=''
OBJDUMP='objdump'
OBJEXT='o'
OTOOL64=''
OTOOL=''
PACKAGE='rx'
PACKAGE_BUGREPORT='brian8181@gmail.com'
PACKAGE_NAME='rx'
PACKAGE_STRING='rx 0.01'
PACKAGE_TARNAME='rx'
PACKAGE_URL='https://github.com/brian8181'
PACKAGE_VERSION='0.01'
PATH_SEPARATOR=':'
RANLIB='ranlib'
SED='/usr/bin/sed'
SET_MAKE=''
SHELL='/bin/bash'
STRIP='strip'
VERSION='0.01'
ac_ct_AR='ar'
ac_ct_CC='gcc'
ac_ct_CXX='g++'
ac_ct_DUMPBIN=''
am__EXEEXT_FALSE=''
am__EXEEXT_TRUE='#'
am__fastdepCC_FALSE='#'
am__fastdepCC_TRUE=''
am__fastdepCXX_FALSE='#'
am__fastdepCXX_TRUE=''
am__include='include'
am__isrc=''
am__leading_dot='.'
am__nodep='_no'
am__quote=''
am__tar='$${TAR-tar} chof - "$$tardir"'
am__untar='$${TAR-tar} xf -'
bindir='${exec_prefix}/bin'
build='x86_64-pc-linux-gnu'
build_alias=''
build_cpu='x86_64'
build_os='linux-gnu'
build_vendor='pc'
datadir='${datarootdir}'
datarootdir='${prefix}/share'
docdir='${datarootdir}/doc/${PACKAGE_TARNAME}'
dvidir='${docdir}'
exec_prefix='${prefix}'
host='x86_64-pc-linux-gnu'
host_alias=''
host_cpu='x86_64'
host_os='linux-gnu'
host_vendor='pc'
htmldir='${docdir}'
includedir='${prefix}/include'
infodir='${datarootdir}/info'
install_sh='${SHELL} /home/brian/src/rx/install-sh'
libdir='${exec_prefix}/lib'
libexecdir='${exec_prefix}/libexec'
localedir='${datarootdir}/locale'
localstatedir='${prefix}/var'
mandir='${datarootdir}/man'
mkdir_p='$(MKDIR_P)'
oldincludedir='/usr/include'
pdfdir='${docdir}'
prefix='/usr/local'
program_transform_name='s,x,x,'
psdir='${docdir}'
runstatedir='${localstatedir}/run'
sbindir='${exec_prefix}/sbin'
sharedstatedir='${prefix}/com'
sysconfdir='${prefix}/etc'
target_alias=''

## ----------- ##
## confdefs.h. ##
## ----------- ##

/* confdefs.h */
#define PACKAGE_NAME "rx"
#define PACKAGE_TARNAME "rx"
#define PACKAGE_VERSION "0.01"
#define PACKAGE_STRING "rx 0.01"
#define PACKAGE_BUGREPORT "brian8181@gmail.com"
#define PACKAGE_URL "https://github.com/brian8181"
#define STDC_HEADERS 1
#define HAVE_SYS_TYPES_H 1
#define HAVE_SYS_STAT_H 1
#define HAVE_STDLIB_H 1
#define HAVE_STRING_H 1
#define HAVE_MEMORY_H 1
#define HAVE_STRINGS_H 1
#define HAVE_INTTYPES_H 1
#define HAVE_STDINT_H 1
#define HAVE_UNISTD_H 1
#define HAVE_DLFCN_H 1
#define LT_OBJDIR ".libs/"
#define HAVE_NETINET_IN_H 1
#define HAVE_TERMIOS_H 1
#define HAVE_UNISTD_H 1
#define HAVE__BOOL 1
#define PACKAGE "rx"
#define VERSION "0.01"

configure: exit 0
