make all --print-data-base --no-builtin-variables --no-builtin-rules --question
# GNU Make 4.2.1
# Built for x86_64-pc-linux-gnu
# Copyright (C) 1988-2016 Free Software Foundation, Inc.
# License GPLv3+: GNU GPL version 3 or later <http://gnu.org/licenses/gpl.html>
# This is free software: you are free to change and redistribute it.
# There is NO WARRANTY, to the extent permitted by law.

# Make data base, printed on Sat Aug  7 05:12:16 2021

# Variables

# makefile (from 'Makefile', line 156)
ETAGS = etags
# automatic
<D = $(patsubst %/,%,$(dir $<))
# automatic
?F = $(notdir $?)
# makefile (from 'Makefile', line 158)
CSCOPE = cscope
# environment
DESKTOP_SESSION = xubuntu
# default
.SHELLFLAGS := -c
 
# makefile (from 'Makefile', line 132)
am__recursive_targets = $(RECURSIVE_TARGETS) $(RECURSIVE_CLEAN_TARGETS) $(am__extra_recursive_targets)
# environment
XDG_SESSION_CLASS = user
# makefile (from 'Makefile', line 87)
POST_UNINSTALL = :
# environment
XDG_SESSION_TYPE = x11
# environment
VSCODE_LOG_NATIVE = false
# automatic
?D = $(patsubst %/,%,$(dir $?))
# makefile (from 'Makefile', line 217)
CPPFLAGS = 
# makefile (from 'Makefile', line 200)
DIST_TARGETS = dist-gzip
# makefile (from 'Makefile', line 223)
DEFS = -DHAVE_CONFIG_H
# automatic
@D = $(patsubst %/,%,$(dir $@))
# environment
XAUTHORITY = /home/brian/.Xauthority
# environment
GDMSESSION = xubuntu
# default
MAKE_VERSION := 4.2.1
# makefile
CURDIR := /home/brian/src/rx
# makefile (from 'Makefile', line 269)
SHELL = /bin/bash
# makefile (from 'Makefile', line 252)
NM = /usr/bin/nm -B
# environment
GDM_LANG = en_US
# environment
VTE_VERSION = 6003
# environment
VSCODE_NLS_CONFIG = {"locale":"en-us","availableLanguages":{},"_languagePackSupport":true}
# makefile (from 'Makefile', line 293)
datarootdir = ${prefix}/share
# environment
_ = /usr/bin/code
# makefile (from 'Makefile', line 215)
CFLAGS = -g -O2
# makefile (from 'Makefile', line 82)
NORMAL_INSTALL = :
# makefile (from 'Makefile', line 117)
RECURSIVE_TARGETS = all-recursive check-recursive cscopelist-recursive ctags-recursive dvi-recursive html-recursive info-recursive install-data-recursive install-dvi-recursive install-exec-recursive install-html-recursive install-info-recursive install-pdf-recursive install-ps-recursive install-recursive installcheck-recursive installdirs-recursive pdf-recursive ps-recursive tags-recursive uninstall-recursive
# makefile (from 'Makefile', line 107)
AM_V_GEN = $(am__v_GEN_$(V))
# environment
XDG_CONFIG_DIRS = /etc/xdg/xdg-xubuntu:/etc/xdg:/etc/xdg
# makefile (from 'Makefile', line 163)
DISTFILES = $(DIST_COMMON) $(DIST_SOURCES) $(TEXINFOS) $(EXTRA_DIST)
# makefile (from 'Makefile', line 313)
pdfdir = ${docdir}
# makefile (from 'Makefile', line 299)
host_cpu = x86_64
# makefile (from 'Makefile', line 279)
ac_ct_DUMPBIN = 
# makefile (from 'Makefile', line 104)
am__v_P_ = $(am__v_P_$(AM_DEFAULT_VERBOSITY))
# environment
GTK_OVERLAY_SCROLLING = 0
# makefile (from 'Makefile', line 238)
INSTALL_SCRIPT = ${INSTALL}
# makefile (from 'Makefile', line 1)
MAKEFILE_LIST :=  Makefile
# makefile (from 'Makefile', line 291)
builddir = .
# makefile (from 'Makefile', line 173)
am__relativize = dir0=`pwd`; sed_first='s,^\([^/]*\)/.*$$,\1,'; sed_rest='s,^[^/]*/*,,'; sed_last='s,^.*/\([^/]*\)$$,\1,'; sed_butlast='s,/*[^/]*$$,,'; while test -n "$$dir1"; do first=`echo "$$dir1" | sed -e "$$sed_first"`; if test "$$first" != "."; then if test "$$first" = ".."; then dir2=`echo "$$dir0" | sed -e "$$sed_last"`/"$$dir2"; dir0=`echo "$$dir0" | sed -e "$$sed_butlast"`; else first2=`echo "$$dir2" | sed -e "$$sed_first"`; if test "$$first2" = "$$first"; then dir2=`echo "$$dir2" | sed -e "$$sed_rest"`; else dir2="../$$dir2"; fi; dir0="$$dir0"/"$$first"; fi; fi; dir1=`echo "$$dir1" | sed -e "$$sed_rest"`; done; reldir="$$dir2"
# automatic
@F = $(notdir $@)
# makefile (from 'Makefile', line 290)
build_vendor = pc
# makefile (from 'Makefile', line 235)
INSTALL = /usr/bin/install -c
# makefile (from 'Makefile', line 245)
LIPO = 
# 'override' directive
GNUMAKEFLAGS := 
# makefile (from 'Makefile', line 115)
SOURCES = 
# makefile (from 'Makefile', line 221)
CXXFLAGS = -g -O2
# environment
MANDATORY_PATH = /usr/share/gconf/xubuntu.mandatory.path
# makefile (from 'Makefile', line 73)
pkgincludedir = $(includedir)/rx
# environment
XDG_DATA_DIRS = /usr/share/xubuntu:/usr/share/xfce4:/usr/local/share/:/usr/share/:/usr/share
# makefile (from 'Makefile', line 78)
install_sh_PROGRAM = $(install_sh) -c
# makefile (from 'Makefile', line 105)
am__v_P_0 = false
# makefile (from 'Makefile', line 109)
am__v_GEN_0 = @echo "  GEN     " $@;
# environment
DBUS_SESSION_BUS_ADDRESS = unix:path=/run/user/1000/bus
# makefile (from 'Makefile', line 271)
VERSION = 0.01
# environment
VSCODE_VERBOSE_LOGGING = true
# makefile (from 'Makefile', line 101)
CONFIG_CLEAN_FILES = 
# makefile (from 'Makefile', line 214)
CCDEPMODE = depmode=gcc3
# makefile (from 'Makefile', line 97)
am__CONFIG_DISTCLEAN_FILES = config.status config.cache config.log configure.lineno config.status.lineno
# makefile (from 'Makefile', line 316)
psdir = ${docdir}
# makefile (from 'Makefile', line 212)
AWK = mawk
# makefile (from 'Makefile', line 283)
am__tar = $${TAR-tar} chof - "$$tardir"
# environment
VSCODE_IPC_HOOK_EXTHOST = /run/user/1000/vscode-ipc-c28dfac6-7b72-4563-bbb2-d2ef1c78300c.sock
# makefile (from 'Makefile', line 28)
am__make_running_with_option = case $${target_option-} in ?) ;; *) echo "am__make_running_with_option: internal error: invalid" "target option '$${target_option-}' specified" >&2; exit 1;; esac; has_opt=no; sane_makeflags=$$MAKEFLAGS; if $(am__is_gnu_make); then sane_makeflags=$$MFLAGS; else case $$MAKEFLAGS in *\\[\ \	]*) bs=\\; sane_makeflags=`printf '%s\n' "$$MAKEFLAGS" | sed "s/$$bs$$bs[$$bs $$bs	]*//g"`;; esac; fi; skip_next=no; strip_trailopt () { flg=`printf '%s\n' "$$flg" | sed "s/$$1.*$$//"`; }; for flg in $$sane_makeflags; do test $$skip_next = yes && { skip_next=no; continue; }; case $$flg in *=*|--*) continue;; -*I) strip_trailopt 'I'; skip_next=yes;; -*I?*) strip_trailopt 'I';; -*O) strip_trailopt 'O'; skip_next=yes;; -*O?*) strip_trailopt 'O';; -*l) strip_trailopt 'l'; skip_next=yes;; -*l?*) strip_trailopt 'l';; -[dEDm]) skip_next=yes;; -[JT]) skip_next=yes;; esac; case $$flg in *$$target_option*) has_opt=yes; break;; esac; done; test $$has_opt = yes
# environment
VSCODE_CWD = /home/brian/src/rx
# makefile (from 'Makefile', line 198)
DIST_ARCHIVES = $(distdir).tar.gz
# makefile (from 'Makefile', line 289)
build_os = linux-gnu
# environment
XDG_SESSION_PATH = /org/freedesktop/DisplayManager/Session1
# makefile (from 'Makefile', line 77)
install_sh_DATA = $(install_sh) -c -m 644
# default
MAKE_HOST := x86_64-pc-linux-gnu
# environment
PATH = /usr/local/sbin:/usr/local/bin:/usr/sbin:/usr/bin:/sbin:/bin:/usr/games:/usr/local/games:/snap/bin:/home/brian/bin
# makefile (from 'Makefile', line 242)
LIBOBJS = 
# makefile (from 'Makefile', line 240)
LD = /usr/bin/ld -m elf_x86_64
# makefile (from 'Makefile', line 151)
am__define_uniq_tagged_files = list='$(am__tagged_files)'; unique=`for i in $$list; do if test -f "$$i"; then echo $$i; else echo $(srcdir)/$$i; fi; done | $(am__uniquify_input)`
# makefile (from 'Makefile', line 325)
top_srcdir = .
# makefile (from 'Makefile', line 225)
DLLTOOL = false
# makefile (from 'Makefile', line 81)
transform = $(program_transform_name)
# makefile (from 'Makefile', line 106)
am__v_P_1 = :
# makefile (from 'Makefile', line 110)
am__v_GEN_1 = 
# makefile (from 'Makefile', line 264)
PACKAGE_VERSION = 0.01
# environment
GPG_AGENT_INFO = /run/user/1000/gnupg/S.gpg-agent:0:1
# makefile (from 'Makefile', line 237)
INSTALL_PROGRAM = ${INSTALL}
# environment
SESSION_MANAGER = local/fire.net:@/tmp/.ICE-unix/75720,unix/fire.net:/tmp/.ICE-unix/75720
# makefile (from 'Makefile', line 308)
localedir = ${datarootdir}/locale
# environment
XDG_RUNTIME_DIR = /run/user/1000
# makefile (from 'Makefile', line 311)
 
mkdir_p = $(MKDIR_P)
# makefile (from 'Makefile', line 303)
includedir = ${prefix}/include
# makefile (from 'Makefile', line 17)
am__is_gnu_make = { if test -z '$(MAKELEVEL)'; then false; elif test -n '$(MAKE_HOST)'; then true; elif test -n '$(MAKE_VERSION)' && test -n '$(CURDIR)'; then true; else false; fi; }
# makefile (from 'Makefile', line 250)
MANIFEST_TOOL = :
# makefile (from 'Makefile', line 315)
program_transform_name = s,x,x,
# environment
WINDOWID = 65011715
# makefile (from 'Makefile', line 239)
INSTALL_STRIP_PROGRAM = $(install_sh) -c -s
# makefile (from 'Makefile', line 76)
am__cd = CDPATH="$${ZSH_VERSION+.}$(PATH_SEPARATOR)" && cd
# makefile (from 'Makefile', line 256)
OTOOL = 
# makefile (from 'Makefile', line 138)
am__tagged_files = $(HEADERS) $(SOURCES) $(TAGS_FILES) $(LISP)config.h.in
# makefile (from 'Makefile', line 160)
am__DIST_COMMON = $(srcdir)/Makefile.in $(srcdir)/config.h.in AUTHORS COPYING ChangeLog INSTALL NEWS README compile config.guess config.sub depcomp install-sh ltmain.sh missing
# makefile (from 'Makefile', line 201)
distuninstallcheck_listfiles = find . -type f -print
# makefile (from 'Makefile', line 255)
OBJEXT = o
# makefile (from 'Makefile', line 205)
ACLOCAL = ${SHELL} /home/brian/src/rx/missing aclocal-1.16
# makefile (from 'Makefile', line 322)
target_alias = 
# makefile (from 'Makefile', line 208)
AR = ar
# environment
XDG_MENU_PREFIX = xfce-
# environment
VSCODE_LOG_STACK = false
# makefile (from 'Makefile', line 261)
PACKAGE_STRING = rx 0.01
# environment
VSCODE_CRASH_REPORTER_START_OPTIONS = {"companyName":"Microsoft","productName":"VSCode","submitURL":"appcenter://code?aid=fba07a4d-84bd-4fc8-a125-9640fc8ce171&uid=535bcbdc-d024-48f7-b035-37fbad3c9306&iid=535bcbdc-d024-48f7-b035-37fbad3c9306&sid=535bcbdc-d024-48f7-b035-37fbad3c9306","uploadToServer":true}
# makefile (from 'Makefile', line 241)
LDFLAGS = 
# makefile (from 'Makefile', line 286)
build = x86_64-pc-linux-gnu
# default
.FEATURES := target-specific order-only second-expansion else-if shortest-stem undefine oneshell archives jobserver output-sync check-symlink load
# makefile (from 'Makefile', line 88)
build_triplet = x86_64-pc-linux-gnu
# environment
XDG_GREETER_DATA_DIR = /var/lib/lightdm-data/brian
# makefile (from 'Makefile', line 222)
CYGPATH_W = echo
# environment
XDG_SESSION_DESKTOP = xubuntu
# environment
SSH_AUTH_SOCK = /run/user/1000/keyring/ssh
# makefile (from 'Makefile', line 102)
CONFIG_CLEAN_VPATH_FILES = 
# automatic
%F = $(notdir $%)
# makefile (from 'Makefile', line 228)
ECHO_C = 
# makefile (from 'Makefile', line 202)
am__distuninstallcheck_listfiles = $(distuninstallcheck_listfiles) | sed 's|^\./|$(prefix)/|' | grep -v '$(infodir)/dir$$'
# environment
DISPLAY = :0.0
# makefile (from 'Makefile', line 244)
LIBTOOL = $(SHELL) $(top_builddir)/libtool
# makefile (from 'Makefile', line 312)
oldincludedir = /usr/include
# makefile (from 'Makefile', line 296)
exec_prefix = ${prefix}
# makefile (from 'Makefile', line 92)
am__aclocal_m4_deps = $(top_srcdir)/configure.ac
# makefile (from 'Makefile', line 90)
subdir = .
# makefile (from 'Makefile', line 284)
am__untar = $${TAR-tar} xf -
# makefile (from 'Makefile', line 320)
srcdir = .
# makefile (from 'Makefile', line 304)
infodir = ${datarootdir}/info
# makefile (from 'Makefile', line 314)
prefix = /usr/local
# makefile (from 'Makefile', line 295)
dvidir = ${docdir}
# environment
VSCODE_PIPE_LOGGING = true
# makefile (from 'Makefile', line 248)
LT_SYS_LIBRARY_PATH = 
# environment
PWD = /home/brian/src/rx
# environment
QT_QPA_PLATFORMTHEME = gtk2
# makefile (from 'Makefile', line 79)
install_sh_SCRIPT = $(install_sh) -c
# default
.LOADED := 
# makefile (from 'Makefile', line 247)
LTLIBOBJS = 
# makefile (from 'Makefile', line 274)
abs_top_builddir = /home/brian/src/rx
# environment
XDG_SEAT = seat0
# environment
SSH_AGENT_PID = 75799
# makefile (from 'Makefile', line 266)
RANLIB = ranlib
# makefile (from 'Makefile', line 310)
mandir = ${datarootdir}/man
# environment
ORIGINAL_XDG_CURRENT_DESKTOP = XFCE
# makefile (from 'Makefile', line 306)
libdir = ${exec_prefix}/lib
# makefile (from 'Makefile', line 321)
sysconfdir = ${prefix}/etc
# environment
VSCODE_AMD_ENTRYPOINT = vs/workbench/services/extensions/node/extensionHostProcess
# environment
HOME = /home/brian
# makefile (from 'Makefile', line 136)
AM_RECURSIVE_TARGETS = $(am__recursive_targets:-recursive=) TAGS CTAGS cscope distdir distdir-am dist dist-all distcheck
# makefile (from 'Makefile', line 305)
install_sh = ${SHELL} /home/brian/src/rx/install-sh
# makefile (from 'Makefile', line 267)
SED = /usr/bin/sed
 
# makefile (from 'Makefile', line 99)
mkinstalldirs = $(install_sh) -d
# makefile (from 'Makefile', line 281)
am__leading_dot = .
# environment
VSCODE_CLI = 1
# environment
VSCODE_CODE_CACHE_PATH = /home/brian/.config/Code/CachedData/c3f126316369cd610563c75b1b1725e0679adfb3
# makefile (from 'Makefile', line 282)
am__quote = 
# environment
LOGNAME = brian
# makefile (from 'Makefile', line 323)
top_build_prefix = 
# environment
APPLICATION_INSIGHTS_NO_DIAGNOSTIC_CHANNEL = true
# makefile (from 'Makefile', line 71)
am__make_keepgoing = (target_option=k; $(am__make_running_with_option))
# makefile (from 'Makefile', line 91)
ACLOCAL_M4 = $(top_srcdir)/aclocal.m4
# makefile (from 'Makefile', line 287)
build_alias = 
# makefile (from 'Makefile', line 319)
sharedstatedir = ${prefix}/com
# makefile (from 'Makefile', line 83)
PRE_INSTALL = :
# environment
ELECTRON_NO_ATTACH_CONSOLE = 1
# makefile (from 'Makefile', line 227)
DUMPBIN = 
# makefile (from 'Makefile', line 278)
ac_ct_CXX = g++
# makefile (from 'Makefile', line 263)
PACKAGE_URL = https://github.com/brian8181
# environment
VSCODE_HANDLES_UNCAUGHT_ERRORS = true
# automatic
^D = $(patsubst %/,%,$(dir $^))
# environment
XDG_VTNR = 7
# makefile (from 'Makefile', line 165)
top_distdir = $(distdir)
# environment
CLUTTER_BACKEND = x11
# makefile (from 'Makefile', line 309)
localstatedir = ${prefix}/var
# makefile (from 'Makefile', line 265)
PATH_SEPARATOR = :
# environment
MAKELEVEL := 0
# makefile (from 'Makefile', line 301)
host_vendor = pc
# makefile (from 'Makefile', line 84)
POST_INSTALL = :
# environment
COLORTERM = truecolor
# default
MAKE = $(MAKE_COMMAND)
# default
MAKECMDGOALS := all
# makefile (from 'Makefile', line 276)
ac_ct_AR = ar
# makefile (from 'Makefile', line 70)
am__make_dryrun = (target_option=n; $(am__make_running_with_option))
# makefile (from 'Makefile', line 85)
NORMAL_UNINSTALL = :
# makefile (from 'Makefile', line 159)
DIST_SUBDIRS = $(SUBDIRS)
# environment
SHLVL = 1
# makefile (from 'Makefile', line 213)
CC = gcc
# makefile (from 'Makefile', line 108)
am__v_GEN_ = $(am__v_GEN_$(AM_DEFAULT_VERBOSITY))
# environment
XDG_SESSION_ID = c4
# environment
USER = brian
# makefile (from 'Makefile', line 231)
EGREP = /usr/bin/grep -E
# makefile (from 'Makefile', line 204)
distcleancheck_listfiles = find . -type f -print
 
# makefile
.DEFAULT_GOAL := all
# environment
XDG_CURRENT_DESKTOP = XFCE
# makefile (from 'Makefile', line 285)
bindir = ${exec_prefix}/bin
# makefile (from 'Makefile', line 103)
AM_V_P = $(am__v_P_$(V))
# makefile (from 'Makefile', line 100)
CONFIG_HEADER = config.h
# makefile (from 'Makefile', line 251)
MKDIR_P = /usr/bin/mkdir -p
# makefile (from 'Makefile', line 277)
ac_ct_CC = gcc
# makefile (from 'Makefile', line 300)
host_os = linux-gnu
# automatic
%D = $(patsubst %/,%,$(dir $%))
# makefile (from 'Makefile', line 268)
SET_MAKE = 
# makefile (from 'Makefile', line 219)
CXXCPP = g++ -E
# makefile (from 'Makefile', line 216)
CPP = gcc -E
# default
MAKE_COMMAND := make
# makefile (from 'Makefile', line 93)
am__configure_deps = $(am__aclocal_m4_deps) $(CONFIGURE_DEPENDENCIES) $(ACLOCAL_M4)
# environment
OLDPWD = /home/brian/src/rx/src
# makefile (from 'Makefile', line 262)
PACKAGE_TARNAME = rx
# makefile (from 'Makefile', line 95)
DIST_COMMON = $(srcdir)/Makefile.am $(top_srcdir)/configure $(am__configure_deps) $(am__DIST_COMMON)
# default
.VARIABLES := 
# makefile (from 'Makefile', line 318)
sbindir = ${exec_prefix}/sbin
 
# automatic
*F = $(notdir $*)
# environment
LANGUAGE = en_US
# makefile (from 'Makefile', line 80)
INSTALL_HEADER = $(INSTALL_DATA)
# environment
XDG_SEAT_PATH = /org/freedesktop/DisplayManager/Seat0
# environment
VSCODE_IPC_HOOK = /run/user/1000/vscode-b296f0cc-1.58.2-main.sock
# makefile (from 'Makefile', line 206)
AMTAR = $${TAR-tar}
# makefile (from 'Makefile', line 288)
build_cpu = x86_64
# makefile (from 'Makefile', line 75)
pkglibexecdir = $(libexecdir)/rx
# makefile (from 'Makefile', line 253)
NMEDIT = 
# makefile
MAKEFLAGS = pqrR
# environment
MFLAGS = -pqrR
# automatic
*D = $(patsubst %/,%,$(dir $*))
# environment
BREAKPAD_DUMP_LOCATION = /home/brian/.config/Code/exthost Crash Reports
# makefile (from 'Makefile', line 112)
am__v_at_ = $(am__v_at_$(AM_DEFAULT_VERBOSITY))
# makefile (from 'Makefile', line 233)
FGREP = /usr/bin/grep -F
# automatic
+D = $(patsubst %/,%,$(dir $+))
# makefile (from 'Makefile', line 254)
OBJDUMP = objdump
# makefile (from 'Makefile', line 220)
CXXDEPMODE = depmode=gcc3
# environment
GDK_BACKEND = x11
# makefile (from 'Makefile', line 172)
am__post_remove_distdir = $(am__remove_distdir)
# makefile (from 'Makefile', line 111)
AM_V_at = $(am__v_at_$(V))
# automatic
+F = $(notdir $+)
# makefile (from 'Makefile', line 116)
DIST_SOURCES = 
# makefile (from 'Makefile', line 89)
host_triplet = x86_64-pc-linux-gnu
# makefile (from 'Makefile', line 270)
STRIP = strip
# environment
QT_ACCESSIBILITY = 1
# makefile (from 'Makefile', line 297)
host = x86_64-pc-linux-gnu
# makefile (from 'Makefile', line 113)
am__v_at_0 = @
# makefile (from 'Makefile', line 260)
PACKAGE_NAME = rx
# environment
DEFAULTS_PATH = /usr/share/gconf/xubuntu.default.path
# makefile (from 'Makefile', line 280)
am__include = include
# makefile (from 'Makefile', line 259)
PACKAGE_BUGREPORT = brian8181@gmail.com
# default
MAKEFILES := 
# makefile (from 'Makefile', line 224)
DEPDIR = .deps
# makefile (from 'Makefile', line 324)
top_builddir = .
 
# makefile (from 'Makefile', line 143)
am__uniquify_input = $(AWK) ' BEGIN { nonempty = 0; } { items[$$0] = 1; nonempty = 1; } END { if (nonempty) { for (i in items) print i; }; } '
# environment
VSCODE_BROWSER_CODE_LOADING = bypassHeatCheck
# automatic
<F = $(notdir $<)
# makefile (from 'Makefile', line 246)
LN_S = ln -s
# environment
ELECTRON_RUN_AS_NODE = 1
# makefile (from 'Makefile', line 302)
htmldir = ${docdir}
# makefile (from 'Makefile', line 218)
CXX = g++
# makefile (from 'Makefile', line 207)
AM_DEFAULT_VERBOSITY = 1
# makefile (from 'Makefile', line 74)
pkglibdir = $(libdir)/rx
# makefile (from 'Makefile', line 226)
DSYMUTIL = 
# makefile (from 'Makefile', line 275)
abs_top_srcdir = /home/brian/src/rx
# makefile (from 'Makefile', line 272)
abs_builddir = /home/brian/src/rx
# makefile (from 'Makefile', line 125)
am__can_run_installinfo = case $$AM_UPDATE_INFO_DIR in n|no|NO) false;; *) (install-info --version) >/dev/null 2>&1;; esac
# environment
LC_ALL = C
# makefile (from 'Makefile', line 230)
ECHO_T = 
# makefile (from 'Makefile', line 229)
ECHO_N = -n
# makefile (from 'Makefile', line 130)
RECURSIVE_CLEAN_TARGETS = mostlyclean-recursive clean-recursive distclean-recursive maintainer-clean-recursive
# makefile (from 'Makefile', line 232)
EXEEXT = 
# makefile (from 'Makefile', line 114)
am__v_at_1 = 
# makefile (from 'Makefile', line 257)
OTOOL64 = 
# makefile (from 'Makefile', line 317)
runstatedir = ${localstatedir}/run
# makefile (from 'Makefile', line 243)
LIBS = 
# automatic
^F = $(notdir $^)
# makefile (from 'Makefile', line 273)
abs_srcdir = /home/brian/src/rx
# default
SUFFIXES := 
# environment
CHROME_DESKTOP = code-url-handler.desktop
# makefile (from 'Makefile', line 307)
libexecdir = ${exec_prefix}/libexec
# makefile (from 'Makefile', line 209)
AUTOCONF = ${SHELL} /home/brian/src/rx/missing autoconf
# makefile (from 'Makefile', line 211)
AUTOMAKE = ${SHELL} /home/brian/src/rx/missing automake-1.16
# makefile (from 'Makefile', line 298)
host_alias = 
 
# default
.INCLUDE_DIRS = /usr/include /usr/local/include /usr/include
# makefile (from 'Makefile', line 236)
INSTALL_DATA = ${INSTALL} -m 644
# makefile (from 'Makefile', line 294)
docdir = ${datarootdir}/doc/${PACKAGE_TARNAME}
# default
.RECIPEPREFIX := 
# makefile (from 'Makefile', line 249)
MAKEINFO = ${SHELL} /home/brian/src/rx/missing makeinfo
# makefile (from 'Makefile', line 164)
distdir = $(PACKAGE)-$(VERSION)
# makefile (from 'Makefile', line 72)
pkgdatadir = $(datadir)/rx
# makefile (from 'Makefile', line 326)
SUBDIRS = src
# makefile (from 'Makefile', line 258)
PACKAGE = rx
# environment
LANG = C
# environment
TERM = xterm-256color
# makefile (from 'Makefile', line 157)
CTAGS = ctags
# makefile (from 'Makefile', line 292)
datadir = ${datarootdir}
# environment
VSCODE_PID = 225537
# makefile (from 'Makefile', line 210)
AUTOHEADER = ${SHELL} /home/brian/src/rx/missing autoheader
# makefile (from 'Makefile', line 234)
GREP = /usr/bin/grep
# makefile (from 'Makefile', line 86)
PRE_UNINSTALL = :
# makefile (from 'Makefile', line 166)
am__remove_distdir = if test -d "$(distdir)"; then find "$(distdir)" -type d ! -perm -200 -exec chmod u+w {} ';' && rm -rf "$(distdir)" || { sleep 5 && rm -rf "$(distdir)"; }; else :; fi
# makefile (from 'Makefile', line 199)
GZIP_ENV = --best
# variable set hash-table stats:
# Load=294/1024=29%, Rehash=0, Collisions=92/412=22%

# Pattern-specific Variable Values

# No pattern-specific variable values.

# Directories

# . (device 2053, inode 20971928): 41 files, no impossibilities.

# 41 files, no impossibilities in 1 directories.

# Implicit Rules

# No implicit rules.

# Files

cscopelist: cscopelist-recursive
#  Implicit rule search has not been done.
#  Modification time never checked.
#  File has not been updated.

dist-tarZ: distdir
#  Phony target (prerequisite of .PHONY).
#  Implicit rule search has not been done.
#  File does not exist.
#  File has not been updated.
#  recipe to execute (from 'Makefile', line 579):
	@echo WARNING: "Support for distribution archives compressed with" \
		       "legacy program 'compress' is deprecated." >&2
	@echo WARNING: "It will be removed altogether in Automake 2.0" >&2
	tardir=$(distdir) && $(am__tar) | compress -c >$(distdir).tar.Z
	$(am__post_remove_distdir)

install-man:
#  Phony target (prerequisite of .PHONY).
#  Implicit rule search has not been done.
#  File does not exist.
#  File has not been updated.

pdf-am:
#  Phony target (prerequisite of .PHONY).
#  Implicit rule search has not been done.
#  File does not exist.
#  File has not been updated.

maintainer-clean: maintainer-clean-recursive
#  Phony target (prerequisite of .PHONY).
#  Implicit rule search has not been done.
#  File does not exist.
#  File has not been updated.
#  recipe to execute (from 'Makefile', line 772):
	-rm -f $(am__CONFIG_DISTCLEAN_FILES)
	-rm -rf $(top_srcdir)/autom4te.cache
	-rm -f Makefile

install-pdf: install-pdf-recursive
#  Phony target (prerequisite of .PHONY).
#  Implicit rule search has not been done.
#  File does not exist.
#  File has not been updated.

install-dvi-am:
#  Phony target (prerequisite of .PHONY).
#  Implicit rule search has not been done.
#  File does not exist.
#  File has not been updated.

GTAGS:
#  Phony target (prerequisite of .PHONY).
#  Implicit rule search has not been done.
#  File does not exist.
#  File has not been updated.
#  recipe to execute (from 'Makefile', line 466):
	here=`$(am__cd) $(top_builddir) && pwd` \
	  && $(am__cd) $(top_srcdir) \
	  && gtags -i $(GTAGS_ARGS) "$$here"

distdir-am: Makefile.am configure configure.ac aclocal.m4 Makefile.in config.h.in AUTHORS COPYING ChangeLog INSTALL NEWS README compile config.guess config.sub depcomp install-sh ltmain.sh missing
#  Implicit rule search has not been done.
#  Modification time never checked.
#  File has not been updated.
#  recipe to execute (from 'Makefile', line 499):
	$(am__remove_distdir)
	test -d "$(distdir)" || mkdir "$(distdir)"
	@srcdirstrip=`echo "$(srcdir)" | sed 's/[].[^$$\\*]/\\\\&/g'`; \
	topsrcdirstrip=`echo "$(top_srcdir)" | sed 's/[].[^$$\\*]/\\\\&/g'`; \
	list='$(DISTFILES)'; \
	  dist_files=`for file in $$list; do echo $$file; done | \
	  sed -e "s|^$$srcdirstrip/||;t" \
	      -e "s|^$$topsrcdirstrip/|$(top_builddir)/|;t"`; \
	case $$dist_files in \
	  */*) $(MKDIR_P) `echo "$$dist_files" | \
			   sed '/\//!d;s|^|$(distdir)/|;s,/[^/]*$$,,' | \
			   sort -u` ;; \
	esac; \
	for file in $$dist_files; do \
	  if test -f $$file || test -d $$file; then d=.; else d=$(srcdir); fi; \
	  if test -d $$d/$$file; then \
	    dir=`echo "/$$file" | sed -e 's,/[^/]*$$,,'`; \
	    if test -d "$(distdir)/$$file"; then \
	      find "$(distdir)/$$file" -type d ! -perm -700 -exec chmod u+rwx {} \;; \
	    fi; \
	    if test -d $(srcdir)/$$file && test $$d != $(srcdir); then \
	      cp -fpR $(srcdir)/$$file "$(distdir)$$dir" || exit 1; \
	      find "$(distdir)/$$file" -type d ! -perm -700 -exec chmod u+rwx {} \;; \
	    fi; \
	    cp -fpR $$d/$$file "$(distdir)$$dir" || exit 1; \
	  else \
	    test -f "$(distdir)/$$file" \
	    || cp -p $$d/$$file "$(distdir)/$$file" \
	    || exit 1; \
	  fi; \
	done
	@list='$(DIST_SUBDIRS)'; for subdir in $$list; do \
	  if test "$$subdir" = .; then :; else \
	    $(am__make_dryrun) \
	      || test -d "$(distdir)/$$subdir" \
	      || $(MKDIR_P) "$(distdir)/$$subdir" \
	      || exit 1; \
	    dir1=$$subdir; dir2="$(distdir)/$$subdir"; \
	    $(am__relativize); \
	    new_distdir=$$reldir; \
	    dir1=$$subdir; dir2="$(top_distdir)"; \
	    $(am__relativize); \
	    new_top_distdir=$$reldir; \
	    echo " (cd $$subdir && $(MAKE) $(AM_MAKEFLAGS) top_distdir="$$new_top_distdir" distdir="$$new_distdir" \\"; \
	    echo "     am__remove_distdir=: am__skip_length_check=: am__skip_mode_fix=: distdir)"; \
	    ($(am__cd) $$subdir && \
	      $(MAKE) $(AM_MAKEFLAGS) \
	        top_distdir="$$new_top_distdir" \
	        distdir="$$new_distdir" \
		am__remove_distdir=: \
		am__skip_length_check=: \
		am__skip_mode_fix=: \
	        distdir) \
	      || exit 1; \
	  fi; \
	done
	-test -n "$(am__skip_mode_fix)" \
	|| find "$(distdir)" -type d ! -perm -755 \
		-exec chmod u+rwx,go+rx {} \; -o \
	  ! -type d ! -perm -444 -links 1 -exec chmod a+r {} \; -o \
	  ! -type d ! -perm -400 -exec chmod a+r {} \; -o \
	  ! -type d ! -perm -444 -exec $(install_sh) -c -m a+r {} {} \; \
	|| chmod -R a+r "$(distdir)"

installdirs-am:
#  Phony target (prerequisite of .PHONY).
#  Implicit rule search has not been done.
#  File does not exist.
#  File has not been updated.

dvi-recursive:
#  Phony target (prerequisite of .PHONY).
#  Implicit rule search has not been done.
#  File does not exist.
#  File has not been updated.
#  recipe to execute (from 'Makefile', line 396):
	@fail=; \
	if $(am__make_keepgoing); then \
	  failcom='fail=yes'; \
	else \
	  failcom='exit 1'; \
	fi; \
	dot_seen=no; \
	target=`echo $@ | sed s/-recursive//`; \
	case "$@" in \
	  distclean-* | maintainer-clean-*) list='$(DIST_SUBDIRS)' ;; \
	  *) list='$(SUBDIRS)' ;; \
	esac; \
	for subdir in $$list; do \
	  echo "Making $$target in $$subdir"; \
	  if test "$$subdir" = "."; then \
	    dot_seen=yes; \
	    local_target="$$target-am"; \
	  else \
	    local_target="$$target"; \
	  fi; \
	  ($(am__cd) $$subdir && $(MAKE) $(AM_MAKEFLAGS) $$local_target) \
	  || eval $$failcom; \
	done; \
	if test "$$dot_seen" = "no"; then \
	  $(MAKE) $(AM_MAKEFLAGS) "$$target-am" || exit 1; \
	fi; test -z "$$fail"

info-am:
#  Phony target (prerequisite of .PHONY).
#  Implicit rule search has not been done.
#  File does not exist.
#  File has not been updated.

install-info-recursive:
#  Phony target (prerequisite of .PHONY).
#  Implicit rule search has not been done.
#  File does not exist.
#  File has not been updated.
#  recipe to execute (from 'Makefile', line 396):
	@fail=; \
	if $(am__make_keepgoing); then \
	  failcom='fail=yes'; \
	else \
	  failcom='exit 1'; \
	fi; \
	dot_seen=no; \
	target=`echo $@ | sed s/-recursive//`; \
	case "$@" in \
	  distclean-* | maintainer-clean-*) list='$(DIST_SUBDIRS)' ;; \
	  *) list='$(SUBDIRS)' ;; \
	esac; \
	for subdir in $$list; do \
	  echo "Making $$target in $$subdir"; \
	  if test "$$subdir" = "."; then \
	    dot_seen=yes; \
	    local_target="$$target-am"; \
	  else \
	    local_target="$$target"; \
	  fi; \
	  ($(am__cd) $$subdir && $(MAKE) $(AM_MAKEFLAGS) $$local_target) \
	  || eval $$failcom; \
	done; \
	if test "$$dot_seen" = "no"; then \
	  $(MAKE) $(AM_MAKEFLAGS) "$$target-am" || exit 1; \
	fi; test -z "$$fail"

install-am: all-am
#  Phony target (prerequisite of .PHONY).
#  Implicit rule search has not been done.
#  File does not exist.
#  File has not been updated.
#  recipe to execute (from 'Makefile', line 697):
	@$(MAKE) $(AM_MAKEFLAGS) install-exec-am install-data-am

# Not a target:
install-sh:
#  Implicit rule search has not been done.
#  Modification time never checked.
#  File has not been updated.

cscopelist-am: config.h.in
#  Phony target (prerequisite of .PHONY).
#  Implicit rule search has not been done.
#  File does not exist.
#  File has not been updated.
#  recipe to execute (from 'Makefile', line 478):
	list='$(am__tagged_files)'; \
	case "$(srcdir)" in \
	  [\\/]* | ?:[\\/]*) sdir="$(srcdir)" ;; \
	  *) sdir=$(subdir)/$(srcdir) ;; \
	esac; \
	for i in $$list; do \
	  if test -f "$$i"; then \
	    echo "$(subdir)/$$i"; \
	  else \
	    echo "$$sdir/$$i"; \
	  fi; \
	done >> $(top_builddir)/cscope.files

pdf: pdf-recursive
#  Phony target (prerequisite of .PHONY).
#  Implicit rule search has not been done.
#  File does not exist.
#  File has not been updated.

all: config.h
#  Phony target (prerequisite of .PHONY).
#  Command line target.
#  Implicit rule search has not been done.
#  File does not exist.
#  File has been updated.
#  Needs to be updated (-q is set).
# variable set hash-table stats:
# Load=0/32=0%, Rehash=0, Collisions=0/6=0%
#  recipe to execute (from 'Makefile', line 328):
	$(MAKE) $(AM_MAKEFLAGS) all-recursive

maintainer-clean-am: distclean-am maintainer-clean-generic
#  Implicit rule search has not been done.
#  Modification time never checked.
#  File has not been updated.

install-pdf-am:
#  Phony target (prerequisite of .PHONY).
#  Implicit rule search has not been done.
#  File does not exist.
#  File has not been updated.

.PHONY: all-recursive check-recursive cscopelist-recursive ctags-recursive dvi-recursive html-recursive info-recursive install-data-recursive install-dvi-recursive install-exec-recursive install-html-recursive install-info-recursive install-pdf-recursive install-ps-recursive install-recursive installcheck-recursive installdirs-recursive pdf-recursive ps-recursive tags-recursive uninstall-recursive mostlyclean-recursive clean-recursive distclean-recursive maintainer-clean-recursive CTAGS GTAGS TAGS all all-am am--refresh check check-am clean clean-cscope clean-generic clean-libtool cscope cscopelist-am ctags ctags-am dist dist-all dist-bzip2 dist-gzip dist-lzip dist-shar dist-tarZ dist-xz dist-zip distcheck distclean distclean-generic distclean-hdr distclean-libtool distclean-tags distcleancheck distdir distuninstallcheck dvi dvi-am html html-am info info-am install install-am install-data install-data-am install-dvi install-dvi-am install-exec install-exec-am install-html install-html-am install-info install-info-am install-man install-pdf install-pdf-am install-ps install-ps-am install-strip installcheck installcheck-am installdirs installdirs-am maintainer-clean maintainer-clean-generic mostlyclean mostlyclean-generic mostlyclean-libtool pdf pdf-am ps ps-am tags tags-am uninstall uninstall-am
#  Implicit rule search has not been done.
#  Modification time never checked.
#  File has not been updated.

distclean-libtool:
#  Phony target (prerequisite of .PHONY).
#  Implicit rule search has not been done.
#  File does not exist.
#  File has not been updated.
#  recipe to execute (from 'Makefile', line 387):
	-rm -f libtool config.lt

# Not a target:
INSTALL:
#  Implicit rule search has not been done.
#  Modification time never checked.
#  File has not been updated.

distclean-generic:
#  Phony target (prerequisite of .PHONY).
#  Implicit rule search has not been done.
#  File does not exist.
#  File has not been updated.
#  recipe to execute (from 'Makefile', line 715):
	-test -z "$(CONFIG_CLEAN_FILES)" || rm -f $(CONFIG_CLEAN_FILES)
	-test . = "$(srcdir)" || test -z "$(CONFIG_CLEAN_VPATH_FILES)" || rm -f $(CONFIG_CLEAN_VPATH_FILES)

clean-generic:
#  Phony target (prerequisite of .PHONY).
#  Implicit rule search has not been done.
#  File does not exist.
#  File has not been updated.

.PRECIOUS: Makefile
#  Implicit rule search has not been done.
#  Modification time never checked.
#  File has not been updated.

install-exec: install-exec-recursive
#  Phony target (prerequisite of .PHONY).
#  Implicit rule search has not been done.
#  File does not exist.
#  File has not been updated.

configure.ac:
#  Implicit rule search has been done.
#  Last modified 2021-05-22 08:19:36.932486292
#  File has been updated.
#  Successfully updated.

# Not a target:
README:
#  Implicit rule search has not been done.
#  Modification time never checked.
#  File has not been updated.

all-am: Makefile config.h
#  Phony target (prerequisite of .PHONY).
#  Implicit rule search has not been done.
#  File does not exist.
#  File has not been updated.

distclean: distclean-recursive
#  Phony target (prerequisite of .PHONY).
#  Implicit rule search has not been done.
#  File does not exist.
#  File has not been updated.
#  recipe to execute (from 'Makefile', line 726):
	-rm -f $(am__CONFIG_DISTCLEAN_FILES)
	-rm -f Makefile

ID: config.h.in
#  Implicit rule search has not been done.
#  Modification time never checked.
#  File has not been updated.
 
#  recipe to execute (from 'Makefile', line 424):
	$(am__define_uniq_tagged_files); mkid -fID $$unique

mostlyclean-libtool:
#  Phony target (prerequisite of .PHONY).
#  Implicit rule search has not been done.
#  File does not exist.
#  File has not been updated.
#  recipe to execute (from 'Makefile', line 381):
	-rm -f *.lo

# Not a target:
ChangeLog:
#  Implicit rule search has not been done.
#  Modification time never checked.
#  File has not been updated.

.SUFFIXES:
#  Implicit rule search has not been done.
#  Modification time never checked.
#  File has not been updated.

tags: tags-recursive
#  Phony target (prerequisite of .PHONY).
#  Implicit rule search has not been done.
#  File does not exist.
#  File has not been updated.

uninstall: uninstall-recursive
#  Phony target (prerequisite of .PHONY).
#  Implicit rule search has not been done.
#  File does not exist.
#  File has not been updated.

install-exec-am:
#  Phony target (prerequisite of .PHONY).
#  Implicit rule search has not been done.
#  File does not exist.
#  File has not been updated.

info: info-recursive
#  Phony target (prerequisite of .PHONY).
#  Implicit rule search has not been done.
#  File does not exist.
#  File has not been updated.

Makefile: Makefile.in config.status
#  Precious file (prerequisite of .PRECIOUS).
#  Implicit rule search has not been done.
#  Last modified 2021-08-07 05:12:16.315026778
#  File has been updated.
#  Successfully updated.
#  recipe to execute (from 'Makefile', line 347):
	@case '$?' in \
	  *config.status*) \
	    echo ' $(SHELL) ./config.status'; \
	    $(SHELL) ./config.status;; \
	  *) \
	    echo ' cd $(top_builddir) && $(SHELL) ./config.status $@ $(am__maybe_remake_depfiles)'; \
	    cd $(top_builddir) && $(SHELL) ./config.status $@ $(am__maybe_remake_depfiles);; \
	esac;

Makefile.in: Makefile.am configure.ac aclocal.m4
#  Implicit rule search has not been done.
#  Last modified 2021-08-07 05:12:08.255229089
#  File has been updated.
#  Successfully updated.
#  recipe to execute (from 'Makefile', line 334):
	@for dep in $?; do \
	  case '$(am__configure_deps)' in \
	    *$$dep*) \
	      echo ' cd $(srcdir) && $(AUTOMAKE) --gnu'; \
	      $(am__cd) $(srcdir) && $(AUTOMAKE) --gnu \
		&& exit 0; \
	      exit 1;; \
	  esac; \
	done; \
	echo ' cd $(top_srcdir) && $(AUTOMAKE) --gnu Makefile'; \
	$(am__cd) $(top_srcdir) && \
	  $(AUTOMAKE) --gnu Makefile

distclean-am: clean-am distclean-generic distclean-hdr distclean-libtool distclean-tags
#  Implicit rule search has not been done.
#  Modification time never checked.
#  File has not been updated.

clean-cscope:
#  Phony target (prerequisite of .PHONY).
#  Implicit rule search has not been done.
#  File does not exist.
#  File has not been updated.
#  recipe to execute (from 'Makefile', line 473):
	-rm -f cscope.files

# Not a target:
depcomp:
#  Implicit rule search has not been done.
#  Modification time never checked.
#  File has not been updated.

installcheck-recursive:
#  Phony target (prerequisite of .PHONY).
#  Implicit rule search has not been done.
#  File does not exist.
#  File has not been updated.
#  recipe to execute (from 'Makefile', line 396):
	@fail=; \
	if $(am__make_keepgoing); then \
	  failcom='fail=yes'; \
	else \
	  failcom='exit 1'; \
	fi; \
	dot_seen=no; \
	target=`echo $@ | sed s/-recursive//`; \
	case "$@" in \
	  distclean-* | maintainer-clean-*) list='$(DIST_SUBDIRS)' ;; \
	  *) list='$(SUBDIRS)' ;; \
	esac; \
	for subdir in $$list; do \
	  echo "Making $$target in $$subdir"; \
	  if test "$$subdir" = "."; then \
	    dot_seen=yes; \
	    local_target="$$target-am"; \
	  else \
	    local_target="$$target"; \
	  fi; \
	  ($(am__cd) $$subdir && $(MAKE) $(AM_MAKEFLAGS) $$local_target) \
	  || eval $$failcom; \
	done; \
	if test "$$dot_seen" = "no"; then \
	  $(MAKE) $(AM_MAKEFLAGS) "$$target-am" || exit 1; \
	fi; test -z "$$fail"

configure: configure.ac aclocal.m4
#  Implicit rule search has not been done.
#  Last modified 2021-08-06 17:51:17.515006025
#  File has been updated.
#  Successfully updated.
#  recipe to execute (from 'Makefile', line 360):
	$(am__cd) $(srcdir) && $(AUTOCONF)

install-data-recursive:
#  Phony target (prerequisite of .PHONY).
#  Implicit rule search has not been done.
#  File does not exist.
#  File has not been updated.
#  recipe to execute (from 'Makefile', line 396):
	@fail=; \
	if $(am__make_keepgoing); then \
	  failcom='fail=yes'; \
	else \
	  failcom='exit 1'; \
	fi; \
	dot_seen=no; \
	target=`echo $@ | sed s/-recursive//`; \
	case "$@" in \
	  distclean-* | maintainer-clean-*) list='$(DIST_SUBDIRS)' ;; \
	  *) list='$(SUBDIRS)' ;; \
	esac; \
	for subdir in $$list; do \
	  echo "Making $$target in $$subdir"; \
	  if test "$$subdir" = "."; then \
	    dot_seen=yes; \
	    local_target="$$target-am"; \
	  else \
	    local_target="$$target"; \
	  fi; \
	  ($(am__cd) $$subdir && $(MAKE) $(AM_MAKEFLAGS) $$local_target) \
	  || eval $$failcom; \
	done; \
	if test "$$dot_seen" = "no"; then \
	  $(MAKE) $(AM_MAKEFLAGS) "$$target-am" || exit 1; \
	fi; test -z "$$fail"

tags-am: config.h.in
#  Phony target (prerequisite of .PHONY).
#  Implicit rule search has not been done.
#  File does not exist.
#  File has not been updated.
#  recipe to execute (from 'Makefile', line 429):
	set x; \
	here=`pwd`; \
	if ($(ETAGS) --etags-include --version) >/dev/null 2>&1; then \
	  include_option=--etags-include; \
	  empty_fix=.; \
	else \
	  include_option=--include; \
	  empty_fix=; \
	fi; \
	list='$(SUBDIRS)'; for subdir in $$list; do \
	  if test "$$subdir" = .; then :; else \
	    test ! -f $$subdir/TAGS || \
	      set "$$@" "$$include_option=$$here/$$subdir/TAGS"; \
	  fi; \
	done; \
	$(am__define_uniq_tagged_files); \
	shift; \
	if test -z "$(ETAGS_ARGS)$$*$$unique"; then :; else \
	  test -n "$$unique" || unique=$$empty_fix; \
	  if test $$# -gt 0; then \
	    $(ETAGS) $(ETAGSFLAGS) $(AM_ETAGSFLAGS) $(ETAGS_ARGS) \
	      "$$@" $$unique; \
	  else \
	    $(ETAGS) $(ETAGSFLAGS) $(AM_ETAGSFLAGS) $(ETAGS_ARGS) \
	      $$unique; \
	  fi; \
	fi

dvi: dvi-recursive
#  Phony target (prerequisite of .PHONY).
#  Implicit rule search has not been done.
#  File does not exist.
#  File has not been updated.

install-info: install-info-recursive
#  Phony target (prerequisite of .PHONY).
#  Implicit rule search has not been done.
#  File does not exist.
#  File has not been updated.

mostlyclean-am: mostlyclean-generic mostlyclean-libtool
#  Implicit rule search has not been done.
#  Modification time never checked.
#  File has not been updated.

distclean-tags:
#  Phony target (prerequisite of .PHONY).
#  Implicit rule search has not been done.
#  File does not exist.
#  File has not been updated.
#  recipe to execute (from 'Makefile', line 492):
	-rm -f TAGS ID GTAGS GRTAGS GSYMS GPATH tags
	-rm -f cscope.out cscope.in.out cscope.po.out cscope.files

# Not a target:
Makefile.am:
#  Implicit rule search has been done.
#  Last modified 2021-03-27 21:15:18.852639403
#  File has been updated.
#  Successfully updated.

cscope: cscope.files
#  Phony target (prerequisite of .PHONY).
#  Implicit rule search has not been done.
#  File does not exist.
#  File has not been updated.
#  recipe to execute (from 'Makefile', line 470):
	test ! -s cscope.files \
 
	  || $(CSCOPE) -b -q $(AM_CSCOPEFLAGS) $(CSCOPEFLAGS) -i cscope.files $(CSCOPE_ARGS)

dist-bzip2: distdir
#  Phony target (prerequisite of .PHONY).
#  Implicit rule search has not been done.
#  File does not exist.
#  File has not been updated.
#  recipe to execute (from 'Makefile', line 567):
	tardir=$(distdir) && $(am__tar) | BZIP2=$${BZIP2--9} bzip2 -c >$(distdir).tar.bz2
	$(am__post_remove_distdir)

clean-recursive:
#  Phony target (prerequisite of .PHONY).
#  Implicit rule search has not been done.
#  File does not exist.
#  File has not been updated.
#  recipe to execute (from 'Makefile', line 396):
	@fail=; \
	if $(am__make_keepgoing); then \
	  failcom='fail=yes'; \
	else \
	  failcom='exit 1'; \
	fi; \
	dot_seen=no; \
	target=`echo $@ | sed s/-recursive//`; \
	case "$@" in \
	  distclean-* | maintainer-clean-*) list='$(DIST_SUBDIRS)' ;; \
	  *) list='$(SUBDIRS)' ;; \
	esac; \
	for subdir in $$list; do \
	  echo "Making $$target in $$subdir"; \
	  if test "$$subdir" = "."; then \
	    dot_seen=yes; \
	    local_target="$$target-am"; \
	  else \
	    local_target="$$target"; \
	  fi; \
	  ($(am__cd) $$subdir && $(MAKE) $(AM_MAKEFLAGS) $$local_target) \
	  || eval $$failcom; \
	done; \
	if test "$$dot_seen" = "no"; then \
	  $(MAKE) $(AM_MAKEFLAGS) "$$target-am" || exit 1; \
	fi; test -z "$$fail"

# Not a target:
COPYING:
#  Implicit rule search has not been done.
#  Modification time never checked.
#  File has not been updated.

dist-shar: distdir
#  Phony target (prerequisite of .PHONY).
#  Implicit rule search has not been done.
#  File does not exist.
#  File has not been updated.
#  recipe to execute (from 'Makefile', line 586):
	@echo WARNING: "Support for shar distribution archives is" \
	               "deprecated." >&2
	@echo WARNING: "It will be removed altogether in Automake 2.0" >&2
	shar $(distdir) | eval GZIP= gzip $(GZIP_ENV) -c >$(distdir).shar.gz
	$(am__post_remove_distdir)

distcheck: dist
#  Phony target (prerequisite of .PHONY).
#  Implicit rule search has not been done.
#  File does not exist.
#  File has not been updated.
#  recipe to execute (from 'Makefile', line 605):
	case '$(DIST_ARCHIVES)' in \
	*.tar.gz*) \
	  eval GZIP= gzip $(GZIP_ENV) -dc $(distdir).tar.gz | $(am__untar) ;;\
	*.tar.bz2*) \
	  bzip2 -dc $(distdir).tar.bz2 | $(am__untar) ;;\
	*.tar.lz*) \
	  lzip -dc $(distdir).tar.lz | $(am__untar) ;;\
	*.tar.xz*) \
	  xz -dc $(distdir).tar.xz | $(am__untar) ;;\
	*.tar.Z*) \
	  uncompress -c $(distdir).tar.Z | $(am__untar) ;;\
	*.shar.gz*) \
	  eval GZIP= gzip $(GZIP_ENV) -dc $(distdir).shar.gz | unshar ;;\
	*.zip*) \
	  unzip $(distdir).zip ;;\
	esac
	chmod -R a-w $(distdir)
	chmod u+w $(distdir)
	mkdir $(distdir)/_build $(distdir)/_build/sub $(distdir)/_inst
	chmod a-w $(distdir)
	test -d $(distdir)/_build || exit 0; \
	dc_install_base=`$(am__cd) $(distdir)/_inst && pwd | sed -e 's,^[^:\\/]:[\\/],/,'` \
	  && dc_destdir="$${TMPDIR-/tmp}/am-dc-$$$$/" \
	  && am__cwd=`pwd` \
	  && $(am__cd) $(distdir)/_build/sub \
	  && ../../configure \
	    $(AM_DISTCHECK_CONFIGURE_FLAGS) \
	    $(DISTCHECK_CONFIGURE_FLAGS) \
	    --srcdir=../.. --prefix="$$dc_install_base" \
	  && $(MAKE) $(AM_MAKEFLAGS) \
	  && $(MAKE) $(AM_MAKEFLAGS) dvi \
	  && $(MAKE) $(AM_MAKEFLAGS) check \
	  && $(MAKE) $(AM_MAKEFLAGS) install \
	  && $(MAKE) $(AM_MAKEFLAGS) installcheck \
	  && $(MAKE) $(AM_MAKEFLAGS) uninstall \
	  && $(MAKE) $(AM_MAKEFLAGS) distuninstallcheck_dir="$$dc_install_base" \
	        distuninstallcheck \
	  && chmod -R a-w "$$dc_install_base" \
	  && ({ \
	       (cd ../.. && umask 077 && mkdir "$$dc_destdir") \
	       && $(MAKE) $(AM_MAKEFLAGS) DESTDIR="$$dc_destdir" install \
	       && $(MAKE) $(AM_MAKEFLAGS) DESTDIR="$$dc_destdir" uninstall \
	       && $(MAKE) $(AM_MAKEFLAGS) DESTDIR="$$dc_destdir" \
	            distuninstallcheck_dir="$$dc_destdir" distuninstallcheck; \
	      } || { rm -rf "$$dc_destdir"; exit 1; }) \
	  && rm -rf "$$dc_destdir" \
	  && $(MAKE) $(AM_MAKEFLAGS) dist \
	  && rm -rf $(DIST_ARCHIVES) \
	  && $(MAKE) $(AM_MAKEFLAGS) distcleancheck \
	  && cd "$$am__cwd" \
 
	  || exit 1
	$(am__post_remove_distdir)
	@(echo "$(distdir) archives ready for distribution: "; \
	  list='$(DIST_ARCHIVES)'; for i in $$list; do echo $$i; done) | \
	  sed -e 1h -e 1s/./=/g -e 1p -e 1x -e '$$p' -e '$$x'

# Not a target:
config.guess:
#  Implicit rule search has not been done.
#  Modification time never checked.
#  File has not been updated.

cscope.files: clean-cscope cscopelist
#  Implicit rule search has not been done.
#  Modification time never checked.
#  File has not been updated.

html-recursive:
#  Phony target (prerequisite of .PHONY).
#  Implicit rule search has not been done.
#  File does not exist.
#  File has not been updated.
#  recipe to execute (from 'Makefile', line 396):
	@fail=; \
	if $(am__make_keepgoing); then \
	  failcom='fail=yes'; \
	else \
	  failcom='exit 1'; \
	fi; \
	dot_seen=no; \
	target=`echo $@ | sed s/-recursive//`; \
	case "$@" in \
	  distclean-* | maintainer-clean-*) list='$(DIST_SUBDIRS)' ;; \
	  *) list='$(SUBDIRS)' ;; \
	esac; \
	for subdir in $$list; do \
	  echo "Making $$target in $$subdir"; \
	  if test "$$subdir" = "."; then \
	    dot_seen=yes; \
	    local_target="$$target-am"; \
	  else \
	    local_target="$$target"; \
	  fi; \
	  ($(am__cd) $$subdir && $(MAKE) $(AM_MAKEFLAGS) $$local_target) \
	  || eval $$failcom; \
	done; \
	if test "$$dot_seen" = "no"; then \
	  $(MAKE) $(AM_MAKEFLAGS) "$$target-am" || exit 1; \
	fi; test -z "$$fail"

dvi-am:
#  Phony target (prerequisite of .PHONY).
#  Implicit rule search has not been done.
#  File does not exist.
#  File has not been updated.

install-info-am:
#  Phony target (prerequisite of .PHONY).
#  Implicit rule search has not been done.
#  File does not exist.
#  File has not been updated.

dist-gzip: distdir
#  Phony target (prerequisite of .PHONY).
#  Implicit rule search has not been done.
#  File does not exist.
#  File has not been updated.
#  recipe to execute (from 'Makefile', line 563):
	tardir=$(distdir) && $(am__tar) | eval GZIP= gzip $(GZIP_ENV) -c >$(distdir).tar.gz
	$(am__post_remove_distdir)

distclean-hdr:
#  Phony target (prerequisite of .PHONY).
#  Implicit rule search has not been done.
#  File does not exist.
#  File has not been updated.
 
#  recipe to execute (from 'Makefile', line 378):
	-rm -f config.h stamp-h1

.NOEXPORT:
#  Implicit rule search has not been done.
#  Modification time never checked.
#  File has not been updated.

# Not a target:
config.sub:
#  Implicit rule search has not been done.
#  Modification time never checked.
#  File has not been updated.

maintainer-clean-generic:
#  Phony target (prerequisite of .PHONY).
#  Implicit rule search has not been done.
#  File does not exist.
#  File has not been updated.
#  recipe to execute (from 'Makefile', line 719):
	@echo "This command is intended for maintainers to use"
	@echo "it deletes files that may require special tools to rebuild."

ctags-recursive:
#  Phony target (prerequisite of .PHONY).
#  Implicit rule search has not been done.
#  File does not exist.
#  File has not been updated.
#  recipe to execute (from 'Makefile', line 396):
	@fail=; \
	if $(am__make_keepgoing); then \
	  failcom='fail=yes'; \
	else \
	  failcom='exit 1'; \
	fi; \
	dot_seen=no; \
	target=`echo $@ | sed s/-recursive//`; \
	case "$@" in \
	  distclean-* | maintainer-clean-*) list='$(DIST_SUBDIRS)' ;; \
	  *) list='$(SUBDIRS)' ;; \
	esac; \
	for subdir in $$list; do \
	  echo "Making $$target in $$subdir"; \
	  if test "$$subdir" = "."; then \
	    dot_seen=yes; \
	    local_target="$$target-am"; \
	  else \
	    local_target="$$target"; \
	  fi; \
	  ($(am__cd) $$subdir && $(MAKE) $(AM_MAKEFLAGS) $$local_target) \
	  || eval $$failcom; \
	done; \
	if test "$$dot_seen" = "no"; then \
	  $(MAKE) $(AM_MAKEFLAGS) "$$target-am" || exit 1; \
	fi; test -z "$$fail"

pdf-recursive:
#  Phony target (prerequisite of .PHONY).
#  Implicit rule search has not been done.
#  File does not exist.
#  File has not been updated.
#  recipe to execute (from 'Makefile', line 396):
	@fail=; \
	if $(am__make_keepgoing); then \
	  failcom='fail=yes'; \
	else \
	  failcom='exit 1'; \
	fi; \
	dot_seen=no; \
	target=`echo $@ | sed s/-recursive//`; \
	case "$@" in \
	  distclean-* | maintainer-clean-*) list='$(DIST_SUBDIRS)' ;; \
	  *) list='$(SUBDIRS)' ;; \
	esac; \
	for subdir in $$list; do \
	  echo "Making $$target in $$subdir"; \
	  if test "$$subdir" = "."; then \
	    dot_seen=yes; \
	    local_target="$$target-am"; \
	  else \
	    local_target="$$target"; \
	  fi; \
	  ($(am__cd) $$subdir && $(MAKE) $(AM_MAKEFLAGS) $$local_target) \
	  || eval $$failcom; \
	done; \
	if test "$$dot_seen" = "no"; then \
	  $(MAKE) $(AM_MAKEFLAGS) "$$target-am" || exit 1; \
	fi; test -z "$$fail"

config.status: configure
 
#  Implicit rule search has not been done.
#  Last modified 2021-08-07 05:12:15.903037119
#  File has been updated.
#  Successfully updated.
#  recipe to execute (from 'Makefile', line 357):
	$(SHELL) ./config.status --recheck

.MAKE: all-recursive check-recursive cscopelist-recursive ctags-recursive dvi-recursive html-recursive info-recursive install-data-recursive install-dvi-recursive install-exec-recursive install-html-recursive install-info-recursive install-pdf-recursive install-ps-recursive install-recursive installcheck-recursive installdirs-recursive pdf-recursive ps-recursive tags-recursive uninstall-recursive mostlyclean-recursive clean-recursive distclean-recursive maintainer-clean-recursive all install-am install-strip
#  Implicit rule search has not been done.
#  Modification time never checked.
#  File has not been updated.

# Not a target:
missing:
#  Implicit rule search has not been done.
#  Modification time never checked.
#  File has not been updated.

aclocal.m4: configure.ac
#  Implicit rule search has not been done.
#  Last modified 2021-08-06 15:32:35.430743212
#  File has been updated.
#  Successfully updated.
#  recipe to execute (from 'Makefile', line 362):
	$(am__cd) $(srcdir) && $(ACLOCAL) $(ACLOCAL_AMFLAGS)

install-html-recursive:
#  Phony target (prerequisite of .PHONY).
#  Implicit rule search has not been done.
 
#  File does not exist.
#  File has not been updated.
#  recipe to execute (from 'Makefile', line 396):
	@fail=; \
	if $(am__make_keepgoing); then \
	  failcom='fail=yes'; \
	else \
	  failcom='exit 1'; \
	fi; \
	dot_seen=no; \
	target=`echo $@ | sed s/-recursive//`; \
	case "$@" in \
	  distclean-* | maintainer-clean-*) list='$(DIST_SUBDIRS)' ;; \
	  *) list='$(SUBDIRS)' ;; \
	esac; \
	for subdir in $$list; do \
	  echo "Making $$target in $$subdir"; \
	  if test "$$subdir" = "."; then \
	    dot_seen=yes; \
	    local_target="$$target-am"; \
	  else \
	    local_target="$$target"; \
	  fi; \
	  ($(am__cd) $$subdir && $(MAKE) $(AM_MAKEFLAGS) $$local_target) \
	  || eval $$failcom; \
	done; \
	if test "$$dot_seen" = "no"; then \
	  $(MAKE) $(AM_MAKEFLAGS) "$$target-am" || exit 1; \
	fi; test -z "$$fail"

# Not a target:
compile:
#  Implicit rule search has not been done.
#  Modification time never checked.
#  File has not been updated.

# Not a target:
.DEFAULT:
#  Implicit rule search has not been done.
#  Modification time never checked.
#  File has not been updated.

config.h: stamp-h1
#  Implicit rule search has not been done.
#  Implicit/static pattern stem: ''
#  Last modified 2021-08-06 15:33:33.401217019
#  File has been updated.
#  Needs to be updated (-q is set).
# automatic
# @ := config.h
# automatic
# % := 
# automatic
# * := 
# automatic
# + := stamp-h1
# automatic
# | := 
# automatic
# < := stamp-h1
# automatic
# ^ := stamp-h1
# automatic
# ? := stamp-h1
# variable set hash-table stats:
# Load=8/32=25%, Rehash=0, Collisions=2/16=12%
#  recipe to execute (from 'Makefile', line 366):
	@test -f $@ || rm -f stamp-h1
	@test -f $@ || $(MAKE) $(AM_MAKEFLAGS) stamp-h1

check-recursive:
#  Phony target (prerequisite of .PHONY).
 
#  Implicit rule search has not been done.
#  File does not exist.
#  File has not been updated.
#  recipe to execute (from 'Makefile', line 396):
	@fail=; \
	if $(am__make_keepgoing); then \
	  failcom='fail=yes'; \
	else \
	  failcom='exit 1'; \
	fi; \
	dot_seen=no; \
	target=`echo $@ | sed s/-recursive//`; \
	case "$@" in \
	  distclean-* | maintainer-clean-*) list='$(DIST_SUBDIRS)' ;; \
	  *) list='$(SUBDIRS)' ;; \
	esac; \
	for subdir in $$list; do \
	  echo "Making $$target in $$subdir"; \
	  if test "$$subdir" = "."; then \
	    dot_seen=yes; \
	    local_target="$$target-am"; \
	  else \
	    local_target="$$target"; \
	  fi; \
	  ($(am__cd) $$subdir && $(MAKE) $(AM_MAKEFLAGS) $$local_target) \
	  || eval $$failcom; \
	done; \
	if test "$$dot_seen" = "no"; then \
	  $(MAKE) $(AM_MAKEFLAGS) "$$target-am" || exit 1; \
	fi; test -z "$$fail"

config.h.in: configure.ac aclocal.m4
#  Implicit rule search has not been done.
#  Last modified 2021-08-06 15:32:38.190670552
#  File has been updated.
#  Successfully updated.
#  recipe to execute (from 'Makefile', line 373):
	($(am__cd) $(top_srcdir) && $(AUTOHEADER))
	rm -f stamp-h1
	touch $@

# Not a target:
ltmain.sh:
#  Implicit rule search has not been done.
#  Modification time never checked.
#  File has not been updated.

install-data: install-data-recursive
#  Phony target (prerequisite of .PHONY).
#  Implicit rule search has not been done.
#  File does not exist.
#  File has not been updated.

clean-libtool:
#  Phony target (prerequisite of .PHONY).
#  Implicit rule search has not been done.
#  File does not exist.
#  File has not been updated.
#  recipe to execute (from 'Makefile', line 384):
	-rm -rf .libs _libs

installcheck: installcheck-recursive
#  Phony target (prerequisite of .PHONY).
#  Implicit rule search has not been done.
#  File does not exist.
#  File has not been updated.

stamp-h1: config.h.in config.status
#  Implicit rule search has not been done.
#  Last modified 2021-08-07 05:12:16.367025472
#  File has been updated.
#  Successfully updated.
#  recipe to execute (from 'Makefile', line 370):
	@rm -f stamp-h1
	cd $(top_builddir) && $(SHELL) ./config.status config.h

am--refresh: Makefile
#  Phony target (prerequisite of .PHONY).
#  Implicit rule search has not been done.
#  File does not exist.
#  File has not been updated.
#  recipe to execute (from 'Makefile', line 332):
	@:

install-dvi-recursive:
#  Phony target (prerequisite of .PHONY).
#  Implicit rule search has not been done.
#  File does not exist.
#  File has not been updated.
#  recipe to execute (from 'Makefile', line 396):
	@fail=; \
	if $(am__make_keepgoing); then \
	  failcom='fail=yes'; \
	else \
	  failcom='exit 1'; \
	fi; \
	dot_seen=no; \
	target=`echo $@ | sed s/-recursive//`; \
	case "$@" in \
	  distclean-* | maintainer-clean-*) list='$(DIST_SUBDIRS)' ;; \
	  *) list='$(SUBDIRS)' ;; \
	esac; \
	for subdir in $$list; do \
	  echo "Making $$target in $$subdir"; \
	  if test "$$subdir" = "."; then \
	    dot_seen=yes; \
	    local_target="$$target-am"; \
	  else \
	    local_target="$$target"; \
	  fi; \
	  ($(am__cd) $$subdir && $(MAKE) $(AM_MAKEFLAGS) $$local_target) \
	  || eval $$failcom; \
	done; \
	if test "$$dot_seen" = "no"; then \
	  $(MAKE) $(AM_MAKEFLAGS) "$$target-am" || exit 1; \
	fi; test -z "$$fail"

clean: clean-recursive
#  Phony target (prerequisite of .PHONY).
#  Implicit rule search has not been done.
#  File does not exist.
#  File has not been updated.

installdirs-recursive:
#  Phony target (prerequisite of .PHONY).
#  Implicit rule search has not been done.
#  File does not exist.
#  File has not been updated.
#  recipe to execute (from 'Makefile', line 396):
	@fail=; \
	if $(am__make_keepgoing); then \
	  failcom='fail=yes'; \
	else \
	  failcom='exit 1'; \
	fi; \
	dot_seen=no; \
	target=`echo $@ | sed s/-recursive//`; \
	case "$@" in \
	  distclean-* | maintainer-clean-*) list='$(DIST_SUBDIRS)' ;; \
	  *) list='$(SUBDIRS)' ;; \
	esac; \
	for subdir in $$list; do \
	  echo "Making $$target in $$subdir"; \
	  if test "$$subdir" = "."; then \
	    dot_seen=yes; \
	    local_target="$$target-am"; \
	  else \
	    local_target="$$target"; \
	  fi; \
	  ($(am__cd) $$subdir && $(MAKE) $(AM_MAKEFLAGS) $$local_target) \
	  || eval $$failcom; \
	done; \
	if test "$$dot_seen" = "no"; then \
	  $(MAKE) $(AM_MAKEFLAGS) "$$target-am" || exit 1; \
	fi; test -z "$$fail"

info-recursive:
#  Phony target (prerequisite of .PHONY).
#  Implicit rule search has not been done.
#  File does not exist.
#  File has not been updated.
#  recipe to execute (from 'Makefile', line 396):
	@fail=; \
	if $(am__make_keepgoing); then \
	  failcom='fail=yes'; \
	else \
	  failcom='exit 1'; \
	fi; \
	dot_seen=no; \
	target=`echo $@ | sed s/-recursive//`; \
	case "$@" in \
	  distclean-* | maintainer-clean-*) list='$(DIST_SUBDIRS)' ;; \
	  *) list='$(SUBDIRS)' ;; \
	esac; \
	for subdir in $$list; do \
	  echo "Making $$target in $$subdir"; \
	  if test "$$subdir" = "."; then \
	    dot_seen=yes; \
	    local_target="$$target-am"; \
	  else \
	    local_target="$$target"; \
	  fi; \
	  ($(am__cd) $$subdir && $(MAKE) $(AM_MAKEFLAGS) $$local_target) \
	  || eval $$failcom; \
	done; \
	if test "$$dot_seen" = "no"; then \
	  $(MAKE) $(AM_MAKEFLAGS) "$$target-am" || exit 1; \
	fi; test -z "$$fail"

install-strip:
#  Phony target (prerequisite of .PHONY).
#  Implicit rule search has not been done.
#  File does not exist.
#  File has not been updated.
#  recipe to execute (from 'Makefile', line 701):
	if test -z '$(STRIP)'; then \
	  $(MAKE) $(AM_MAKEFLAGS) INSTALL_PROGRAM="$(INSTALL_STRIP_PROGRAM)" \
	    install_sh_PROGRAM="$(INSTALL_STRIP_PROGRAM)" INSTALL_STRIP_FLAG=-s \
	      install; \
	else \
	  $(MAKE) $(AM_MAKEFLAGS) INSTALL_PROGRAM="$(INSTALL_STRIP_PROGRAM)" \
	    install_sh_PROGRAM="$(INSTALL_STRIP_PROGRAM)" INSTALL_STRIP_FLAG=-s \
	    "INSTALL_PROGRAM_ENV=STRIPPROG='$(STRIP)'" install; \
	fi

install-ps-recursive:
#  Phony target (prerequisite of .PHONY).
#  Implicit rule search has not been done.
#  File does not exist.
#  File has not been updated.
#  recipe to execute (from 'Makefile', line 396):
	@fail=; \
	if $(am__make_keepgoing); then \
	  failcom='fail=yes'; \
	else \
	  failcom='exit 1'; \
	fi; \
	dot_seen=no; \
	target=`echo $@ | sed s/-recursive//`; \
	case "$@" in \
	  distclean-* | maintainer-clean-*) list='$(DIST_SUBDIRS)' ;; \
	  *) list='$(SUBDIRS)' ;; \
	esac; \
	for subdir in $$list; do \
	  echo "Making $$target in $$subdir"; \
	  if test "$$subdir" = "."; then \
	    dot_seen=yes; \
	    local_target="$$target-am"; \
	  else \
	    local_target="$$target"; \
	  fi; \
	  ($(am__cd) $$subdir && $(MAKE) $(AM_MAKEFLAGS) $$local_target) \
	  || eval $$failcom; \
	done; \
	if test "$$dot_seen" = "no"; then \
	  $(MAKE) $(AM_MAKEFLAGS) "$$target-am" || exit 1; \
	fi; test -z "$$fail"

install-recursive:
#  Phony target (prerequisite of .PHONY).
#  Implicit rule search has not been done.
#  File does not exist.
#  File has not been updated.
#  recipe to execute (from 'Makefile', line 396):
	@fail=; \
	if $(am__make_keepgoing); then \
	  failcom='fail=yes'; \
	else \
	  failcom='exit 1'; \
	fi; \
	dot_seen=no; \
	target=`echo $@ | sed s/-recursive//`; \
	case "$@" in \
	  distclean-* | maintainer-clean-*) list='$(DIST_SUBDIRS)' ;; \
	  *) list='$(SUBDIRS)' ;; \
	esac; \
	for subdir in $$list; do \
	  echo "Making $$target in $$subdir"; \
	  if test "$$subdir" = "."; then \
	    dot_seen=yes; \
	    local_target="$$target-am"; \
	  else \
	    local_target="$$target"; \
	  fi; \
	  ($(am__cd) $$subdir && $(MAKE) $(AM_MAKEFLAGS) $$local_target) \
	  || eval $$failcom; \
	done; \
	if test "$$dot_seen" = "no"; then \
	  $(MAKE) $(AM_MAKEFLAGS) "$$target-am" || exit 1; \
	fi; test -z "$$fail"

ps-recursive:
#  Phony target (prerequisite of .PHONY).
#  Implicit rule search has not been done.
 
#  File does not exist.
#  File has not been updated.
#  recipe to execute (from 'Makefile', line 396):
	@fail=; \
	if $(am__make_keepgoing); then \
	  failcom='fail=yes'; \
	else \
	  failcom='exit 1'; \
	fi; \
	dot_seen=no; \
	target=`echo $@ | sed s/-recursive//`; \
	case "$@" in \
	  distclean-* | maintainer-clean-*) list='$(DIST_SUBDIRS)' ;; \
	  *) list='$(SUBDIRS)' ;; \
	esac; \
	for subdir in $$list; do \
	  echo "Making $$target in $$subdir"; \
	  if test "$$subdir" = "."; then \
	    dot_seen=yes; \
	    local_target="$$target-am"; \
	  else \
	    local_target="$$target"; \
	  fi; \
	  ($(am__cd) $$subdir && $(MAKE) $(AM_MAKEFLAGS) $$local_target) \
	  || eval $$failcom; \
	done; \
	if test "$$dot_seen" = "no"; then \
	  $(MAKE) $(AM_MAKEFLAGS) "$$target-am" || exit 1; \
	fi; test -z "$$fail"

installcheck-am:
#  Phony target (prerequisite of .PHONY).
#  Implicit rule search has not been done.
#  File does not exist.
#  File has not been updated.

cscopelist-recursive:
#  Phony target (prerequisite of .PHONY).
#  Implicit rule search has not been done.
#  File does not exist.
#  File has not been updated.
#  recipe to execute (from 'Makefile', line 396):
	@fail=; \
	if $(am__make_keepgoing); then \
	  failcom='fail=yes'; \
	else \
	  failcom='exit 1'; \
	fi; \
	dot_seen=no; \
	target=`echo $@ | sed s/-recursive//`; \
	case "$@" in \
	  distclean-* | maintainer-clean-*) list='$(DIST_SUBDIRS)' ;; \
	  *) list='$(SUBDIRS)' ;; \
	esac; \
	for subdir in $$list; do \
	  echo "Making $$target in $$subdir"; \
	  if test "$$subdir" = "."; then \
	    dot_seen=yes; \
	    local_target="$$target-am"; \
	  else \
	    local_target="$$target"; \
	  fi; \
	  ($(am__cd) $$subdir && $(MAKE) $(AM_MAKEFLAGS) $$local_target) \
	  || eval $$failcom; \
	done; \
	if test "$$dot_seen" = "no"; then \
	  $(MAKE) $(AM_MAKEFLAGS) "$$target-am" || exit 1; \
	fi; test -z "$$fail"

install-data-am:
#  Phony target (prerequisite of .PHONY).
#  Implicit rule search has not been done.
#  File does not exist.
#  File has not been updated.

dist:
#  Phony target (prerequisite of .PHONY).
#  Implicit rule search has not been done.
#  File does not exist.
#  File has not been updated.
#  recipe to execute (from 'Makefile', line 598):
	$(MAKE) $(AM_MAKEFLAGS) $(DIST_TARGETS) am__post_remove_distdir='@:'
	$(am__post_remove_distdir)

maintainer-clean-recursive:
#  Phony target (prerequisite of .PHONY).
#  Implicit rule search has not been done.
#  File does not exist.
#  File has not been updated.
#  recipe to execute (from 'Makefile', line 396):
	@fail=; \
	if $(am__make_keepgoing); then \
	  failcom='fail=yes'; \
	else \
	  failcom='exit 1'; \
	fi; \
	dot_seen=no; \
	target=`echo $@ | sed s/-recursive//`; \
	case "$@" in \
	  distclean-* | maintainer-clean-*) list='$(DIST_SUBDIRS)' ;; \
	  *) list='$(SUBDIRS)' ;; \
	esac; \
	for subdir in $$list; do \
	  echo "Making $$target in $$subdir"; \
	  if test "$$subdir" = "."; then \
	    dot_seen=yes; \
	    local_target="$$target-am"; \
	  else \
	    local_target="$$target"; \
	  fi; \
	  ($(am__cd) $$subdir && $(MAKE) $(AM_MAKEFLAGS) $$local_target) \
	  || eval $$failcom; \
	done; \
	if test "$$dot_seen" = "no"; then \
	  $(MAKE) $(AM_MAKEFLAGS) "$$target-am" || exit 1; \
	fi; test -z "$$fail"

install-pdf-recursive:
#  Phony target (prerequisite of .PHONY).
#  Implicit rule search has not been done.
#  File does not exist.
#  File has not been updated.
#  recipe to execute (from 'Makefile', line 396):
	@fail=; \
	if $(am__make_keepgoing); then \
	  failcom='fail=yes'; \
	else \
	  failcom='exit 1'; \
	fi; \
	dot_seen=no; \
	target=`echo $@ | sed s/-recursive//`; \
	case "$@" in \
	  distclean-* | maintainer-clean-*) list='$(DIST_SUBDIRS)' ;; \
	  *) list='$(SUBDIRS)' ;; \
	esac; \
	for subdir in $$list; do \
	  echo "Making $$target in $$subdir"; \
	  if test "$$subdir" = "."; then \
	    dot_seen=yes; \
	    local_target="$$target-am"; \
	  else \
	    local_target="$$target"; \
	  fi; \
	  ($(am__cd) $$subdir && $(MAKE) $(AM_MAKEFLAGS) $$local_target) \
	  || eval $$failcom; \
	done; \
	if test "$$dot_seen" = "no"; then \
	  $(MAKE) $(AM_MAKEFLAGS) "$$target-am" || exit 1; \
	fi; test -z "$$fail"

ps-am:
#  Phony target (prerequisite of .PHONY).
#  Implicit rule search has not been done.
#  File does not exist.
#  File has not been updated.

clean-am: clean-generic clean-libtool mostlyclean-am
#  Implicit rule search has not been done.
#  Modification time never checked.
#  File has not been updated.

mostlyclean-generic:
#  Phony target (prerequisite of .PHONY).
#  Implicit rule search has not been done.
#  File does not exist.
#  File has not been updated.

html: html-recursive
#  Phony target (prerequisite of .PHONY).
#  Implicit rule search has not been done.
#  File does not exist.
#  File has not been updated.

uninstall-recursive:
#  Phony target (prerequisite of .PHONY).
#  Implicit rule search has not been done.
#  File does not exist.
#  File has not been updated.
#  recipe to execute (from 'Makefile', line 396):
	@fail=; \
	if $(am__make_keepgoing); then \
	  failcom='fail=yes'; \
	else \
	  failcom='exit 1'; \
	fi; \
	dot_seen=no; \
	target=`echo $@ | sed s/-recursive//`; \
	case "$@" in \
	  distclean-* | maintainer-clean-*) list='$(DIST_SUBDIRS)' ;; \
	  *) list='$(SUBDIRS)' ;; \
	esac; \
	for subdir in $$list; do \
	  echo "Making $$target in $$subdir"; \
	  if test "$$subdir" = "."; then \
	    dot_seen=yes; \
	    local_target="$$target-am"; \
	  else \
	    local_target="$$target"; \
	  fi; \
	  ($(am__cd) $$subdir && $(MAKE) $(AM_MAKEFLAGS) $$local_target) \
	  || eval $$failcom; \
	done; \
	if test "$$dot_seen" = "no"; then \
	  $(MAKE) $(AM_MAKEFLAGS) "$$target-am" || exit 1; \
	fi; test -z "$$fail"

dist-all:
#  Phony target (prerequisite of .PHONY).
#  Implicit rule search has not been done.
#  File does not exist.
#  File has not been updated.
#  recipe to execute (from 'Makefile', line 598):
	$(MAKE) $(AM_MAKEFLAGS) $(DIST_TARGETS) am__post_remove_distdir='@:'
	$(am__post_remove_distdir)

ctags: ctags-recursive
#  Phony target (prerequisite of .PHONY).
#  Implicit rule search has not been done.
#  File does not exist.
#  File has not been updated.

all-recursive:
#  Phony target (prerequisite of .PHONY).
#  Implicit rule search has not been done.
#  File does not exist.
#  File has not been updated.
#  recipe to execute (from 'Makefile', line 396):
	@fail=; \
	if $(am__make_keepgoing); then \
	  failcom='fail=yes'; \
	else \
	  failcom='exit 1'; \
	fi; \
	dot_seen=no; \
	target=`echo $@ | sed s/-recursive//`; \
	case "$@" in \
	  distclean-* | maintainer-clean-*) list='$(DIST_SUBDIRS)' ;; \
	  *) list='$(SUBDIRS)' ;; \
	esac; \
	for subdir in $$list; do \
	  echo "Making $$target in $$subdir"; \
	  if test "$$subdir" = "."; then \
	    dot_seen=yes; \
	    local_target="$$target-am"; \
	  else \
	    local_target="$$target"; \
	  fi; \
	  ($(am__cd) $$subdir && $(MAKE) $(AM_MAKEFLAGS) $$local_target) \
	  || eval $$failcom; \
	done; \
	if test "$$dot_seen" = "no"; then \
	  $(MAKE) $(AM_MAKEFLAGS) "$$target-am" || exit 1; \
	fi; test -z "$$fail"

html-am:
#  Phony target (prerequisite of .PHONY).
#  Implicit rule search has not been done.
#  File does not exist.
#  File has not been updated.

# Not a target:
NEWS:
#  Implicit rule search has not been done.
#  Modification time never checked.
#  File has not been updated.

dist-lzip: distdir
#  Phony target (prerequisite of .PHONY).
#  Implicit rule search has not been done.
#  File does not exist.
#  File has not been updated.
#  recipe to execute (from 'Makefile', line 571):
	tardir=$(distdir) && $(am__tar) | lzip -c $${LZIP_OPT--9} >$(distdir).tar.lz
	$(am__post_remove_distdir)

mostlyclean: mostlyclean-recursive
#  Phony target (prerequisite of .PHONY).
#  Implicit rule search has not been done.
#  File does not exist.
#  File has not been updated.

distcleancheck: distclean
#  Phony target (prerequisite of .PHONY).
#  Implicit rule search has not been done.
#  File does not exist.
#  File has not been updated.
#  recipe to execute (from 'Makefile', line 678):
	@if test '$(srcdir)' = . ; then \
	  echo "ERROR: distcleancheck can only run from a VPATH build" ; \
	  exit 1 ; \
	fi
	@test `$(distcleancheck_listfiles) | wc -l` -eq 0 \
	  || { echo "ERROR: files left in build directory after distclean:" ; \
	       $(distcleancheck_listfiles) ; \
	       exit 1; } >&2

uninstall-am:
#  Phony target (prerequisite of .PHONY).
#  Implicit rule search has not been done.
#  File does not exist.
#  File has not been updated.

# Not a target:
AUTHORS:
#  Implicit rule search has not been done.
#  Modification time never checked.
#  File has not been updated.

distuninstallcheck:
#  Phony target (prerequisite of .PHONY).
#  Implicit rule search has not been done.
#  File does not exist.
#  File has not been updated.
#  recipe to execute (from 'Makefile', line 661):
	@test -n '$(distuninstallcheck_dir)' || { \
	  echo 'ERROR: trying to run $@ with an empty' \
	       '$$(distuninstallcheck_dir)' >&2; \
	  exit 1; \
	}; \
	$(am__cd) '$(distuninstallcheck_dir)' || { \
	  echo 'ERROR: cannot chdir into $(distuninstallcheck_dir)' >&2; \
	  exit 1; \
	}; \
	test `$(am__distuninstallcheck_listfiles) | wc -l` -eq 0 \
	   || { echo "ERROR: files left after uninstall:" ; \
	        if test -n "$(DESTDIR)"; then \
	          echo "  (check DESTDIR support)"; \
	        fi ; \
	        $(distuninstallcheck_listfiles) ; \
	        exit 1; } >&2

install-html: install-html-recursive
#  Phony target (prerequisite of .PHONY).
#  Implicit rule search has not been done.
#  File does not exist.
#  File has not been updated.

dist-zip: distdir
#  Phony target (prerequisite of .PHONY).
#  Implicit rule search has not been done.
#  File does not exist.
#  File has not been updated.
#  recipe to execute (from 'Makefile', line 593):
	-rm -f $(distdir).zip
	zip -rq $(distdir).zip $(distdir)
	$(am__post_remove_distdir)

check: check-recursive
#  Phony target (prerequisite of .PHONY).
#  Implicit rule search has not been done.
#  File does not exist.
#  File has not been updated.

install-exec-recursive:
#  Phony target (prerequisite of .PHONY).
#  Implicit rule search has not been done.
#  File does not exist.
#  File has not been updated.
#  recipe to execute (from 'Makefile', line 396):
	@fail=; \
	if $(am__make_keepgoing); then \
	  failcom='fail=yes'; \
	else \
	  failcom='exit 1'; \
	fi; \
	dot_seen=no; \
	target=`echo $@ | sed s/-recursive//`; \
	case "$@" in \
	  distclean-* | maintainer-clean-*) list='$(DIST_SUBDIRS)' ;; \
	  *) list='$(SUBDIRS)' ;; \
	esac; \
	for subdir in $$list; do \
	  echo "Making $$target in $$subdir"; \
	  if test "$$subdir" = "."; then \
	    dot_seen=yes; \
	    local_target="$$target-am"; \
	  else \
	    local_target="$$target"; \
	  fi; \
	  ($(am__cd) $$subdir && $(MAKE) $(AM_MAKEFLAGS) $$local_target) \
	  || eval $$failcom; \
	done; \
	if test "$$dot_seen" = "no"; then \
	  $(MAKE) $(AM_MAKEFLAGS) "$$target-am" || exit 1; \
	fi; test -z "$$fail"

ctags-am: config.h.in
#  Phony target (prerequisite of .PHONY).
#  Implicit rule search has not been done.
#  File does not exist.
#  File has not been updated.
#  recipe to execute (from 'Makefile', line 460):
	$(am__define_uniq_tagged_files); \
	test -z "$(CTAGS_ARGS)$$unique" \
	  || $(CTAGS) $(CTAGSFLAGS) $(AM_CTAGSFLAGS) $(CTAGS_ARGS) \
	     $$unique

distclean-recursive:
#  Phony target (prerequisite of .PHONY).
#  Implicit rule search has not been done.
#  File does not exist.
#  File has not been updated.
#  recipe to execute (from 'Makefile', line 396):
	@fail=; \
	if $(am__make_keepgoing); then \
	  failcom='fail=yes'; \
	else \
	  failcom='exit 1'; \
	fi; \
	dot_seen=no; \
	target=`echo $@ | sed s/-recursive//`; \
	case "$@" in \
	  distclean-* | maintainer-clean-*) list='$(DIST_SUBDIRS)' ;; \
	  *) list='$(SUBDIRS)' ;; \
	esac; \
	for subdir in $$list; do \
	  echo "Making $$target in $$subdir"; \
	  if test "$$subdir" = "."; then \
	    dot_seen=yes; \
	    local_target="$$target-am"; \
	  else \
	    local_target="$$target"; \
	  fi; \
	  ($(am__cd) $$subdir && $(MAKE) $(AM_MAKEFLAGS) $$local_target) \
	  || eval $$failcom; \
	done; \
	if test "$$dot_seen" = "no"; then \
	  $(MAKE) $(AM_MAKEFLAGS) "$$target-am" || exit 1; \
	fi; test -z "$$fail"

install-ps: install-ps-recursive
#  Phony target (prerequisite of .PHONY).
#  Implicit rule search has not been done.
#  File does not exist.
#  File has not been updated.

TAGS: tags
#  Phony target (prerequisite of .PHONY).
#  Implicit rule search has not been done.
#  File does not exist.
#  File has not been updated.

installdirs: installdirs-recursive
#  Phony target (prerequisite of .PHONY).
#  Implicit rule search has not been done.
#  File does not exist.
#  File has not been updated.

install-dvi: install-dvi-recursive
#  Phony target (prerequisite of .PHONY).
#  Implicit rule search has not been done.
#  File does not exist.
#  File has not been updated.

distdir:
#  Phony target (prerequisite of .PHONY).
#  Implicit rule search has not been done.
#  File does not exist.
#  File has not been updated.
#  recipe to execute (from 'Makefile', line 496):
	$(MAKE) $(AM_MAKEFLAGS) distdir-am

install-html-am:
#  Phony target (prerequisite of .PHONY).
#  Implicit rule search has not been done.
#  File does not exist.
#  File has not been updated.

CTAGS: ctags
#  Phony target (prerequisite of .PHONY).
#  Implicit rule search has not been done.
#  File does not exist.
#  File has not been updated.

tags-recursive:
#  Phony target (prerequisite of .PHONY).
#  Implicit rule search has not been done.
#  File does not exist.
#  File has not been updated.
#  recipe to execute (from 'Makefile', line 396):
	@fail=; \
	if $(am__make_keepgoing); then \
	  failcom='fail=yes'; \
	else \
	  failcom='exit 1'; \
	fi; \
	dot_seen=no; \
	target=`echo $@ | sed s/-recursive//`; \
	case "$@" in \
	  distclean-* | maintainer-clean-*) list='$(DIST_SUBDIRS)' ;; \
	  *) list='$(SUBDIRS)' ;; \
	esac; \
	for subdir in $$list; do \
	  echo "Making $$target in $$subdir"; \
	  if test "$$subdir" = "."; then \
	    dot_seen=yes; \
	    local_target="$$target-am"; \
	  else \
	    local_target="$$target"; \
	  fi; \
	  ($(am__cd) $$subdir && $(MAKE) $(AM_MAKEFLAGS) $$local_target) \
	  || eval $$failcom; \
	done; \
	if test "$$dot_seen" = "no"; then \
	  $(MAKE) $(AM_MAKEFLAGS) "$$target-am" || exit 1; \
	fi; test -z "$$fail"

check-am: all-am
#  Phony target (prerequisite of .PHONY).
#  Implicit rule search has not been done.
#  File does not exist.
#  File has not been updated.

dist-xz: distdir
#  Phony target (prerequisite of .PHONY).
#  Implicit rule search has not been done.
#  File does not exist.
#  File has not been updated.
#  recipe to execute (from 'Makefile', line 575):
	tardir=$(distdir) && $(am__tar) | XZ_OPT=$${XZ_OPT--e} xz -c >$(distdir).tar.xz
	$(am__post_remove_distdir)

ps: ps-recursive
#  Phony target (prerequisite of .PHONY).
#  Implicit rule search has not been done.
#  File does not exist.
#  File has not been updated.

install: install-recursive
#  Phony target (prerequisite of .PHONY).
#  Implicit rule search has not been done.
#  File does not exist.
#  File has not been updated.

install-ps-am:
#  Phony target (prerequisite of .PHONY).
#  Implicit rule search has not been done.
#  File does not exist.
#  File has not been updated.

mostlyclean-recursive:
#  Phony target (prerequisite of .PHONY).
#  Implicit rule search has not been done.
#  File does not exist.
#  File has not been updated.
#  recipe to execute (from 'Makefile', line 396):
 
	@fail=; \
	if $(am__make_keepgoing); then \
	  failcom='fail=yes'; \
	else \
	  failcom='exit 1'; \
	fi; \
	dot_seen=no; \
	target=`echo $@ | sed s/-recursive//`; \
	case "$@" in \
	  distclean-* | maintainer-clean-*) list='$(DIST_SUBDIRS)' ;; \
	  *) list='$(SUBDIRS)' ;; \
	esac; \
	for subdir in $$list; do \
	  echo "Making $$target in $$subdir"; \
	  if test "$$subdir" = "."; then \
	    dot_seen=yes; \
	    local_target="$$target-am"; \
	  else \
	    local_target="$$target"; \
	  fi; \
	  ($(am__cd) $$subdir && $(MAKE) $(AM_MAKEFLAGS) $$local_target) \
	  || eval $$failcom; \
	done; \
	if test "$$dot_seen" = "no"; then \
	  $(MAKE) $(AM_MAKEFLAGS) "$$target-am" || exit 1; \
	fi; test -z "$$fail"

# files hash-table stats:
# Load=137/1024=13%, Rehash=0, Collisions=49/385=13%
# VPATH Search Paths

# No 'vpath' search paths.

# No general ('VPATH' variable) search path.

# strcache buffers: 1 (0) / strings = 157 / storage = 1850 B / avg = 11 B
# current buf: size = 8162 B / used = 1850 B / count = 157 / avg = 11 B

# strcache performance: lookups = 517 / hit rate = 69%
# hash-table stats:
# Load=157/8192=2%, Rehash=0, Collisions=1/517=0%
# Finished Make data base on Sat Aug  7 05:12:16 2021

 
